cl : ligne de commande warning D9025: substitution de '/TC' par '/TP'
  lapi.c
D:\Battle City Alpha 2.0\Codes\V2\ygopro_bca\lua\lapi.c(398,38): warning C4244: 'return' : conversion de 'lua_Unsigned' en 'size_t', perte possible de données
  lauxlib.c
  lbaselib.c
  lbitlib.c
  lcode.c
  lcorolib.c
  lctype.c
  ldblib.c
  ldebug.c
  ldo.c
  ldump.c
  lfunc.c
  lgc.c
  linit.c
  liolib.c
  llex.c
  lmathlib.c
  lmem.c
  loadlib.c
  lobject.c
  Génération de code en cours...
  Compilation en cours...
  lopcodes.c
  loslib.c
  lparser.c
  lstate.c
  lstring.c
  lstrlib.c
  ltable.c
  ltablib.c
  ltm.c
  lundump.c
  lutf8lib.c
  lvm.c
  lzio.c
  Génération de code en cours...
  lua.vcxproj -> D:\Battle City Alpha 2.0\Codes\V2\ygopro_bca\build\..\bin\debug\lua.lib
