  CGUIImageButton.cpp
  CConfigMap.cpp
  CGUIProgressBar.cpp
  CGUISkinSystem.cpp
D:\Battle City Alpha 2.0\Codes\V2\ygopro_bca\irrlicht\include\irrString.h(378,1): warning C4302: 'cast de type' : troncation de 'const B' à 'T'
          with
          [
              B=char *
          ]
          and
          [
              T=irr::c8
          ]
D:\Battle City Alpha 2.0\Codes\V2\ygopro_bca\irrlicht\include\irrString.h(335): message : voir la référence à l'instanciation de la fonction modèle 'irr::core::string<irr::c8,irr::core::irrAllocator<T>> &irr::core::string<T,irr::core::irrAllocator<T>>::operator =<char*>(const B *const )' en cours de compilation
          with
          [
              T=irr::c8,
              B=char *
          ]
D:\Battle City Alpha 2.0\Codes\V2\ygopro_bca\irrlicht\include\irrString.h(335): message : voir la référence à l'instanciation de la fonction modèle 'irr::core::string<irr::c8,irr::core::irrAllocator<T>> &irr::core::string<T,irr::core::irrAllocator<T>>::operator =<char*>(const B *const )' en cours de compilation
          with
          [
              T=irr::c8,
              B=char *
          ]
D:\Battle City Alpha 2.0\Codes\V2\ygopro_bca\gframe\CGUISkinSystem\CGUISkinSystem.cpp(5): message : voir la référence à l'instanciation de la fonction modèle 'irr::core::string<irr::c8,irr::core::irrAllocator<T>> &irr::core::string<T,irr::core::irrAllocator<T>>::operator =<char*,irr::core::irrAllocator<char*>>(const irr::core::string<char *,irr::core::irrAllocator<char*>> &)' en cours de compilation
          with
          [
              T=irr::c8
          ]
D:\Battle City Alpha 2.0\Codes\V2\ygopro_bca\gframe\CGUISkinSystem\CGUISkinSystem.cpp(5): message : voir la référence à l'instanciation de la fonction modèle 'irr::core::string<irr::c8,irr::core::irrAllocator<T>> &irr::core::string<T,irr::core::irrAllocator<T>>::operator =<char*,irr::core::irrAllocator<char*>>(const irr::core::string<char *,irr::core::irrAllocator<char*>> &)' en cours de compilation
          with
          [
              T=irr::c8
          ]
  CImageGUISkin.cpp
  CGUITTFont.cpp
  chest.cpp
  client_card.cpp
  client_field.cpp
D:\Battle City Alpha 2.0\Codes\V2\ygopro_bca\gframe\duelclient.h(69,1): warning C4267: 'argument' : conversion de 'size_t' en 'short', perte possible de données
D:\Battle City Alpha 2.0\Codes\V2\ygopro_bca\gframe\client_field.cpp(171,48): warning C4267: '=' : conversion de 'size_t' en 'irr::u8', perte possible de données
D:\Battle City Alpha 2.0\Codes\V2\ygopro_bca\gframe\client_field.cpp(186,47): warning C4267: '=' : conversion de 'size_t' en 'irr::u8', perte possible de données
D:\Battle City Alpha 2.0\Codes\V2\ygopro_bca\gframe\client_field.cpp(199,48): warning C4267: '=' : conversion de 'size_t' en 'irr::u8', perte possible de données
D:\Battle City Alpha 2.0\Codes\V2\ygopro_bca\gframe\client_field.cpp(204,49): warning C4267: '=' : conversion de 'size_t' en 'irr::u8', perte possible de données
D:\Battle City Alpha 2.0\Codes\V2\ygopro_bca\gframe\client_field.cpp(210,49): warning C4267: '=' : conversion de 'size_t' en 'irr::u8', perte possible de données
D:\Battle City Alpha 2.0\Codes\V2\ygopro_bca\gframe\client_field.cpp(425,9): warning C4102: 'irr' : étiquette non référencée
  CXMLNode.cpp
  CXMLRegistry.cpp
  data_manager.cpp
  deck_con.cpp
D:\Battle City Alpha 2.0\Codes\V2\ygopro_bca\gframe\duelclient.h(69,1): warning C4267: 'argument' : conversion de 'size_t' en 'short', perte possible de données
D:\Battle City Alpha 2.0\Codes\V2\ygopro_bca\gframe\deck_con.cpp(1040,91): warning C4018: '>=' : incompatibilité signed/unsigned
  deck_manager.cpp
  drawing.cpp
D:\Battle City Alpha 2.0\Codes\V2\ygopro_bca\gframe\duelclient.h(69,1): warning C4267: 'argument' : conversion de 'size_t' en 'short', perte possible de données
D:\Battle City Alpha 2.0\Codes\V2\ygopro_bca\gframe\drawing.cpp(1338,80): warning C4146: opérateur moins unaire appliqué à un type non signé, le résultat sera non signé
  duelclient.cpp
D:\Battle City Alpha 2.0\Codes\V2\ygopro_bca\gframe\duelclient.h(69,1): warning C4267: 'argument' : conversion de 'size_t' en 'short', perte possible de données
D:\Battle City Alpha 2.0\Codes\V2\ygopro_bca\gframe\duelclient.cpp(1005,31): warning C4018: '<' : incompatibilité signed/unsigned
D:\Battle City Alpha 2.0\Codes\V2\ygopro_bca\gframe\duelclient.cpp(2839,52): warning C4267: '=' : conversion de 'size_t' en 'irr::u8', perte possible de données
D:\Battle City Alpha 2.0\Codes\V2\ygopro_bca\gframe\duelclient.cpp(2848,52): warning C4267: '=' : conversion de 'size_t' en 'irr::u8', perte possible de données
D:\Battle City Alpha 2.0\Codes\V2\ygopro_bca\gframe\duelclient.cpp(2869,41): warning C4267: '=' : conversion de 'size_t' en 'irr::u8', perte possible de données
D:\Battle City Alpha 2.0\Codes\V2\ygopro_bca\gframe\duelclient.cpp(2878,41): warning C4267: '=' : conversion de 'size_t' en 'irr::u8', perte possible de données
D:\Battle City Alpha 2.0\Codes\V2\ygopro_bca\gframe\duelclient.cpp(2895,53): warning C4267: '=' : conversion de 'size_t' en 'irr::u8', perte possible de données
D:\Battle City Alpha 2.0\Codes\V2\ygopro_bca\gframe\duelclient.cpp(2899,42): warning C4267: '=' : conversion de 'size_t' en 'irr::u8', perte possible de données
D:\Battle City Alpha 2.0\Codes\V2\ygopro_bca\gframe\duelclient.cpp(2905,53): warning C4267: '=' : conversion de 'size_t' en 'irr::u8', perte possible de données
D:\Battle City Alpha 2.0\Codes\V2\ygopro_bca\gframe\duelclient.cpp(2909,42): warning C4267: '=' : conversion de 'size_t' en 'irr::u8', perte possible de données
D:\Battle City Alpha 2.0\Codes\V2\ygopro_bca\gframe\duelclient.cpp(3938,59): warning C4267: '=' : conversion de 'size_t' en 'irr::u8', perte possible de données
D:\Battle City Alpha 2.0\Codes\V2\ygopro_bca\gframe\duelclient.cpp(3953,59): warning C4267: '=' : conversion de 'size_t' en 'irr::u8', perte possible de données
D:\Battle City Alpha 2.0\Codes\V2\ygopro_bca\gframe\duelclient.cpp(3968,60): warning C4267: '=' : conversion de 'size_t' en 'irr::u8', perte possible de données
D:\Battle City Alpha 2.0\Codes\V2\ygopro_bca\gframe\duelclient.cpp(4029,53): warning C4267: '=' : conversion de 'size_t' en 'irr::u8', perte possible de données
  event_handler.cpp
D:\Battle City Alpha 2.0\Codes\V2\ygopro_bca\gframe\duelclient.h(69,1): warning C4267: 'argument' : conversion de 'size_t' en 'short', perte possible de données
D:\Battle City Alpha 2.0\Codes\V2\ygopro_bca\gframe\event_handler.cpp(352,22): warning C4018: '<' : incompatibilité signed/unsigned
D:\Battle City Alpha 2.0\Codes\V2\ygopro_bca\gframe\event_handler.cpp(1451,67): warning C4267: 'argument' : conversion de 'size_t' en 'unsigned char', perte possible de données
D:\Battle City Alpha 2.0\Codes\V2\ygopro_bca\gframe\event_handler.cpp(929,9): warning C4102: 'irr' : étiquette non référencée
D:\Battle City Alpha 2.0\Codes\V2\ygopro_bca\gframe\event_handler.cpp(2433,36): warning C4267: '=' : conversion de 'size_t' en 'unsigned char', perte possible de données
D:\Battle City Alpha 2.0\Codes\V2\ygopro_bca\gframe\event_handler.cpp(2436,61): warning C4267: 'argument' : conversion de 'size_t' en 'unsigned char', perte possible de données
  game.cpp
D:\Battle City Alpha 2.0\Codes\V2\ygopro_bca\gframe\duelclient.h(69,1): warning C4267: 'argument' : conversion de 'size_t' en 'short', perte possible de données
D:\Battle City Alpha 2.0\Codes\V2\ygopro_bca\gframe\netserver.h(60,1): warning C4267: 'argument' : conversion de 'size_t' en 'short', perte possible de données
D:\Battle City Alpha 2.0\Codes\V2\ygopro_bca\gframe\netserver.h(63,1): warning C4267: '=' : conversion de 'size_t' en 'unsigned short', perte possible de données
D:\Battle City Alpha 2.0\Codes\V2\ygopro_bca\gframe\game.cpp(315,20): warning C4018: '<' : incompatibilité signed/unsigned
D:\Battle City Alpha 2.0\Codes\V2\ygopro_bca\gframe\game.cpp(698,22): warning C4018: '>' : incompatibilité signed/unsigned
  gframe.cpp
D:\Battle City Alpha 2.0\Codes\V2\ygopro_bca\gframe\gframe.cpp(206,1): warning C4007: 'WinMain' : doit être '__stdcall'
  image_manager.cpp
  Génération de code en cours...
  Compilation en cours...
  materials.cpp
  menu_handler.cpp
D:\Battle City Alpha 2.0\Codes\V2\ygopro_bca\gframe\netserver.h(60,1): warning C4267: 'argument' : conversion de 'size_t' en 'short', perte possible de données
D:\Battle City Alpha 2.0\Codes\V2\ygopro_bca\gframe\netserver.h(63,1): warning C4267: '=' : conversion de 'size_t' en 'unsigned short', perte possible de données
D:\Battle City Alpha 2.0\Codes\V2\ygopro_bca\gframe\duelclient.h(69,1): warning C4267: 'argument' : conversion de 'size_t' en 'short', perte possible de données
  netserver.cpp
D:\Battle City Alpha 2.0\Codes\V2\ygopro_bca\gframe\netserver.h(60,1): warning C4267: 'argument' : conversion de 'size_t' en 'short', perte possible de données
D:\Battle City Alpha 2.0\Codes\V2\ygopro_bca\gframe\netserver.h(63,1): warning C4267: '=' : conversion de 'size_t' en 'unsigned short', perte possible de données
  replay.cpp
  replay_mode.cpp
D:\Battle City Alpha 2.0\Codes\V2\ygopro_bca\gframe\duelclient.h(69,1): warning C4267: 'argument' : conversion de 'size_t' en 'short', perte possible de données
  single_duel.cpp
D:\Battle City Alpha 2.0\Codes\V2\ygopro_bca\gframe\netserver.h(60,1): warning C4267: 'argument' : conversion de 'size_t' en 'short', perte possible de données
D:\Battle City Alpha 2.0\Codes\V2\ygopro_bca\gframe\netserver.h(63,1): warning C4267: '=' : conversion de 'size_t' en 'unsigned short', perte possible de données
D:\Battle City Alpha 2.0\Codes\V2\ygopro_bca\gframe\single_duel.cpp(97,38): warning C4267: '=' : conversion de 'size_t' en 'unsigned short', perte possible de données
D:\Battle City Alpha 2.0\Codes\V2\ygopro_bca\gframe\single_duel.cpp(131,38): warning C4267: '=' : conversion de 'size_t' en 'unsigned short', perte possible de données
D:\Battle City Alpha 2.0\Codes\V2\ygopro_bca\gframe\single_duel.cpp(143,39): warning C4267: '=' : conversion de 'size_t' en 'unsigned short', perte possible de données
D:\Battle City Alpha 2.0\Codes\V2\ygopro_bca\gframe\single_duel.cpp(209,37): warning C4267: '=' : conversion de 'size_t' en 'unsigned short', perte possible de données
  single_mode.cpp
D:\Battle City Alpha 2.0\Codes\V2\ygopro_bca\gframe\duelclient.h(69,1): warning C4267: 'argument' : conversion de 'size_t' en 'short', perte possible de données
D:\Battle City Alpha 2.0\Codes\V2\ygopro_bca\gframe\single_mode.cpp(276,37): warning C4267: 'argument' : conversion de 'size_t' en 'short', perte possible de données
  sound_manager.cpp
  tag_duel.cpp
D:\Battle City Alpha 2.0\Codes\V2\ygopro_bca\gframe\netserver.h(60,1): warning C4267: 'argument' : conversion de 'size_t' en 'short', perte possible de données
D:\Battle City Alpha 2.0\Codes\V2\ygopro_bca\gframe\netserver.h(63,1): warning C4267: '=' : conversion de 'size_t' en 'unsigned short', perte possible de données
D:\Battle City Alpha 2.0\Codes\V2\ygopro_bca\gframe\tag_duel.cpp(88,38): warning C4267: '=' : conversion de 'size_t' en 'unsigned short', perte possible de données
D:\Battle City Alpha 2.0\Codes\V2\ygopro_bca\gframe\tag_duel.cpp(111,38): warning C4267: '=' : conversion de 'size_t' en 'unsigned short', perte possible de données
D:\Battle City Alpha 2.0\Codes\V2\ygopro_bca\gframe\tag_duel.cpp(123,39): warning C4267: '=' : conversion de 'size_t' en 'unsigned short', perte possible de données
D:\Battle City Alpha 2.0\Codes\V2\ygopro_bca\gframe\tag_duel.cpp(168,38): warning C4267: '=' : conversion de 'size_t' en 'unsigned short', perte possible de données
  boosters.cpp
  Génération de code en cours...
     Création de la bibliothèque ..\bin\debug\BCA.lib et de l'objet ..\bin\debug\BCA.exp
ocgcore.lib(processor.obj) : error LNK2019: symbole externe non résolu _luaL_unref référencé dans la fonction "public: int __thiscall field::add_chain(unsigned short)" (?add_chain@field@@QAEHG@Z)
ocgcore.lib(operations.obj) : error LNK2001: symbole externe non résolu _luaL_unref
ocgcore.lib(interpreter.obj) : error LNK2001: symbole externe non résolu _luaL_unref
ocgcore.lib(libeffect.obj) : error LNK2001: symbole externe non résolu _luaL_unref
ocgcore.lib(scriptlib.obj) : error LNK2001: symbole externe non résolu _lua_settop
ocgcore.lib(operations.obj) : error LNK2001: symbole externe non résolu _lua_settop
ocgcore.lib(interpreter.obj) : error LNK2001: symbole externe non résolu _lua_settop
ocgcore.lib(libeffect.obj) : error LNK2001: symbole externe non résolu _lua_settop
ocgcore.lib(libduel.obj) : error LNK2001: symbole externe non résolu _lua_settop
ocgcore.lib(interpreter.obj) : error LNK2019: symbole externe non résolu _lua_close référencé dans la fonction "public: __thiscall interpreter::~interpreter(void)" (??1interpreter@@QAE@XZ)
ocgcore.lib(interpreter.obj) : error LNK2019: symbole externe non résolu _lua_newthread référencé dans la fonction "public: int __thiscall interpreter::call_coroutine(int,unsigned int,unsigned int *,unsigned short)" (?call_coroutine@interpreter@@QAEHHIPAIG@Z)
ocgcore.lib(libduel.obj) : error LNK2001: symbole externe non résolu _lua_gettop
ocgcore.lib(libdebug.obj) : error LNK2001: symbole externe non résolu _lua_gettop
ocgcore.lib(scriptlib.obj) : error LNK2001: symbole externe non résolu _lua_gettop
ocgcore.lib(interpreter.obj) : error LNK2001: symbole externe non résolu _lua_gettop
ocgcore.lib(libcard.obj) : error LNK2001: symbole externe non résolu _lua_gettop
ocgcore.lib(libeffect.obj) : error LNK2001: symbole externe non résolu _lua_gettop
ocgcore.lib(libgroup.obj) : error LNK2001: symbole externe non résolu _lua_gettop
ocgcore.lib(libduel.obj) : error LNK2001: symbole externe non résolu _lua_pushvalue
ocgcore.lib(libdebug.obj) : error LNK2001: symbole externe non résolu _lua_pushvalue
ocgcore.lib(interpreter.obj) : error LNK2001: symbole externe non résolu _lua_pushvalue
ocgcore.lib(libcard.obj) : error LNK2001: symbole externe non résolu _lua_pushvalue
ocgcore.lib(libeffect.obj) : error LNK2001: symbole externe non résolu _lua_pushvalue
ocgcore.lib(libgroup.obj) : error LNK2001: symbole externe non résolu _lua_pushvalue
ocgcore.lib(interpreter.obj) : error LNK2019: symbole externe non résolu _lua_rotate référencé dans la fonction "public: int __thiscall interpreter::call_card_function(class card *,char const *,unsigned int,int)" (?call_card_function@interpreter@@QAEHPAVcard@@PBDIH@Z)
ocgcore.lib(interpreter.obj) : error LNK2019: symbole externe non résolu _lua_isinteger référencé dans la fonction "public: int __thiscall interpreter::get_function_value(int,unsigned int)" (?get_function_value@interpreter@@QAEHHI@Z)
ocgcore.lib(libeffect.obj) : error LNK2001: symbole externe non résolu _lua_isinteger
ocgcore.lib(libduel.obj) : error LNK2001: symbole externe non résolu _lua_type
ocgcore.lib(scriptlib.obj) : error LNK2001: symbole externe non résolu _lua_type
ocgcore.lib(interpreter.obj) : error LNK2001: symbole externe non résolu _lua_type
ocgcore.lib(libcard.obj) : error LNK2001: symbole externe non résolu _lua_type
ocgcore.lib(libeffect.obj) : error LNK2001: symbole externe non résolu _lua_type
ocgcore.lib(libgroup.obj) : error LNK2001: symbole externe non résolu _lua_type
ocgcore.lib(interpreter.obj) : error LNK2019: symbole externe non résolu _lua_tonumberx référencé dans la fonction "public: int __thiscall interpreter::get_function_value(int,unsigned int)" (?get_function_value@interpreter@@QAEHHI@Z)
ocgcore.lib(libeffect.obj) : error LNK2001: symbole externe non résolu _lua_tonumberx
ocgcore.lib(libduel.obj) : error LNK2001: symbole externe non résolu _lua_tonumberx
ocgcore.lib(libduel.obj) : error LNK2001: symbole externe non résolu _lua_tointegerx
ocgcore.lib(libdebug.obj) : error LNK2001: symbole externe non résolu _lua_tointegerx
ocgcore.lib(interpreter.obj) : error LNK2001: symbole externe non résolu _lua_tointegerx
ocgcore.lib(libcard.obj) : error LNK2001: symbole externe non résolu _lua_tointegerx
ocgcore.lib(libeffect.obj) : error LNK2001: symbole externe non résolu _lua_tointegerx
ocgcore.lib(libgroup.obj) : error LNK2001: symbole externe non résolu _lua_tointegerx
ocgcore.lib(libduel.obj) : error LNK2001: symbole externe non résolu _lua_toboolean
ocgcore.lib(libdebug.obj) : error LNK2001: symbole externe non résolu _lua_toboolean
ocgcore.lib(interpreter.obj) : error LNK2001: symbole externe non résolu _lua_toboolean
ocgcore.lib(libcard.obj) : error LNK2001: symbole externe non résolu _lua_toboolean
ocgcore.lib(libeffect.obj) : error LNK2001: symbole externe non résolu _lua_toboolean
ocgcore.lib(libgroup.obj) : error LNK2001: symbole externe non résolu _lua_toboolean
ocgcore.lib(interpreter.obj) : error LNK2019: symbole externe non résolu _lua_tolstring référencé dans la fonction "public: int __thiscall interpreter::call_card_function(class card *,char const *,unsigned int,int)" (?call_card_function@interpreter@@QAEHPAVcard@@PBDIH@Z)
ocgcore.lib(libdebug.obj) : error LNK2001: symbole externe non résolu _lua_tolstring
ocgcore.lib(libduel.obj) : error LNK2001: symbole externe non résolu _lua_touserdata
ocgcore.lib(libdebug.obj) : error LNK2001: symbole externe non résolu _lua_touserdata
ocgcore.lib(interpreter.obj) : error LNK2001: symbole externe non résolu _lua_touserdata
ocgcore.lib(libcard.obj) : error LNK2001: symbole externe non résolu _lua_touserdata
ocgcore.lib(libeffect.obj) : error LNK2001: symbole externe non résolu _lua_touserdata
ocgcore.lib(libgroup.obj) : error LNK2001: symbole externe non résolu _lua_touserdata
ocgcore.lib(interpreter.obj) : error LNK2019: symbole externe non résolu _lua_topointer référencé dans la fonction "public: static class duel * __cdecl interpreter::get_duel_info(struct lua_State *)" (?get_duel_info@interpreter@@SAPAVduel@@PAUlua_State@@@Z)
ocgcore.lib(libduel.obj) : error LNK2001: symbole externe non résolu _lua_pushnil
ocgcore.lib(interpreter.obj) : error LNK2001: symbole externe non résolu _lua_pushnil
ocgcore.lib(libcard.obj) : error LNK2001: symbole externe non résolu _lua_pushnil
ocgcore.lib(libeffect.obj) : error LNK2001: symbole externe non résolu _lua_pushnil
ocgcore.lib(libgroup.obj) : error LNK2001: symbole externe non résolu _lua_pushnil
ocgcore.lib(libduel.obj) : error LNK2001: symbole externe non résolu _lua_pushinteger
ocgcore.lib(interpreter.obj) : error LNK2001: symbole externe non résolu _lua_pushinteger
ocgcore.lib(libcard.obj) : error LNK2001: symbole externe non résolu _lua_pushinteger
ocgcore.lib(libeffect.obj) : error LNK2001: symbole externe non résolu _lua_pushinteger
ocgcore.lib(libgroup.obj) : error LNK2001: symbole externe non résolu _lua_pushinteger
ocgcore.lib(interpreter.obj) : error LNK2019: symbole externe non résolu _lua_pushstring référencé dans la fonction "public: int __thiscall interpreter::load_card_script(unsigned int)" (?load_card_script@interpreter@@QAEHI@Z)
ocgcore.lib(libcard.obj) : error LNK2001: symbole externe non résolu _lua_pushstring
ocgcore.lib(libeffect.obj) : error LNK2001: symbole externe non résolu _lua_pushstring
ocgcore.lib(libgroup.obj) : error LNK2001: symbole externe non résolu _lua_pushstring
ocgcore.lib(libduel.obj) : error LNK2001: symbole externe non résolu _lua_pushboolean
ocgcore.lib(libdebug.obj) : error LNK2001: symbole externe non résolu _lua_pushboolean
ocgcore.lib(interpreter.obj) : error LNK2001: symbole externe non résolu _lua_pushboolean
ocgcore.lib(libcard.obj) : error LNK2001: symbole externe non résolu _lua_pushboolean
ocgcore.lib(libeffect.obj) : error LNK2001: symbole externe non résolu _lua_pushboolean
ocgcore.lib(libgroup.obj) : error LNK2001: symbole externe non résolu _lua_pushboolean
ocgcore.lib(interpreter.obj) : error LNK2019: symbole externe non résolu _lua_pushlightuserdata référencé dans la fonction "public: static void __cdecl interpreter::set_duel_info(struct lua_State *,class duel *)" (?set_duel_info@interpreter@@SAXPAUlua_State@@PAVduel@@@Z)
ocgcore.lib(interpreter.obj) : error LNK2019: symbole externe non résolu _lua_getglobal référencé dans la fonction "public: int __thiscall interpreter::load_card_script(unsigned int)" (?load_card_script@interpreter@@QAEHI@Z)
ocgcore.lib(libdebug.obj) : error LNK2001: symbole externe non résolu _lua_getglobal
ocgcore.lib(scriptlib.obj) : error LNK2001: symbole externe non résolu _lua_getglobal
ocgcore.lib(interpreter.obj) : error LNK2019: symbole externe non résolu _lua_getfield référencé dans la fonction "public: int __thiscall interpreter::call_card_function(class card *,char const *,unsigned int,int)" (?call_card_function@interpreter@@QAEHPAVcard@@PBDIH@Z)
ocgcore.lib(interpreter.obj) : error LNK2019: symbole externe non résolu _lua_rawgeti référencé dans la fonction "public: static void __cdecl interpreter::card2value(struct lua_State *,class card *)" (?card2value@interpreter@@SAXPAUlua_State@@PAVcard@@@Z)
ocgcore.lib(libeffect.obj) : error LNK2001: symbole externe non résolu _lua_rawgeti
ocgcore.lib(libduel.obj) : error LNK2001: symbole externe non résolu _lua_createtable
ocgcore.lib(libdebug.obj) : error LNK2001: symbole externe non résolu _lua_createtable
ocgcore.lib(interpreter.obj) : error LNK2001: symbole externe non résolu _lua_createtable
ocgcore.lib(libcard.obj) : error LNK2001: symbole externe non résolu _lua_createtable
ocgcore.lib(libeffect.obj) : error LNK2001: symbole externe non résolu _lua_createtable
ocgcore.lib(libgroup.obj) : error LNK2001: symbole externe non résolu _lua_createtable
ocgcore.lib(interpreter.obj) : error LNK2019: symbole externe non résolu _lua_newuserdata référencé dans la fonction "public: int __thiscall interpreter::register_card(class card *)" (?register_card@interpreter@@QAEHPAVcard@@@Z)
ocgcore.lib(libduel.obj) : error LNK2001: symbole externe non résolu _lua_setglobal
ocgcore.lib(libdebug.obj) : error LNK2001: symbole externe non résolu _lua_setglobal
ocgcore.lib(interpreter.obj) : error LNK2001: symbole externe non résolu _lua_setglobal
ocgcore.lib(libcard.obj) : error LNK2001: symbole externe non résolu _lua_setglobal
ocgcore.lib(libeffect.obj) : error LNK2001: symbole externe non résolu _lua_setglobal
ocgcore.lib(libgroup.obj) : error LNK2001: symbole externe non résolu _lua_setglobal
ocgcore.lib(interpreter.obj) : error LNK2019: symbole externe non résolu _lua_setfield référencé dans la fonction "public: __thiscall interpreter::interpreter(class duel *)" (??0interpreter@@QAE@PAVduel@@@Z)
ocgcore.lib(interpreter.obj) : error LNK2019: symbole externe non résolu _lua_rawset référencé dans la fonction "public: int __thiscall interpreter::load_card_script(unsigned int)" (?load_card_script@interpreter@@QAEHI@Z)
ocgcore.lib(libcard.obj) : error LNK2001: symbole externe non résolu _lua_rawset
ocgcore.lib(libeffect.obj) : error LNK2001: symbole externe non résolu _lua_rawset
ocgcore.lib(libgroup.obj) : error LNK2001: symbole externe non résolu _lua_rawset
ocgcore.lib(interpreter.obj) : error LNK2019: symbole externe non résolu _lua_setmetatable référencé dans la fonction "public: int __thiscall interpreter::load_card_script(unsigned int)" (?load_card_script@interpreter@@QAEHI@Z)
ocgcore.lib(interpreter.obj) : error LNK2019: symbole externe non résolu _lua_pcallk référencé dans la fonction "public: int __thiscall interpreter::call_card_function(class card *,char const *,unsigned int,int)" (?call_card_function@interpreter@@QAEHPAVcard@@PBDIH@Z)
ocgcore.lib(libdebug.obj) : error LNK2001: symbole externe non résolu _lua_pcallk
ocgcore.lib(interpreter.obj) : error LNK2019: symbole externe non résolu _lua_resume référencé dans la fonction "public: int __thiscall interpreter::call_coroutine(int,unsigned int,unsigned int *,unsigned short)" (?call_coroutine@interpreter@@QAEHHIPAIG@Z)
ocgcore.lib(interpreter.obj) : error LNK2019: symbole externe non résolu _luaL_ref référencé dans la fonction "public: int __thiscall interpreter::clone_function_ref(int)" (?clone_function_ref@interpreter@@QAEHH@Z)
ocgcore.lib(interpreter.obj) : error LNK2019: symbole externe non résolu _luaL_loadbufferx référencé dans la fonction "public: int __thiscall interpreter::load_script(char const *)" (?load_script@interpreter@@QAEHPBD@Z)
ocgcore.lib(interpreter.obj) : error LNK2019: symbole externe non résolu _luaL_newstate référencé dans la fonction "public: __thiscall interpreter::interpreter(class duel *)" (??0interpreter@@QAE@PAVduel@@@Z)
ocgcore.lib(interpreter.obj) : error LNK2019: symbole externe non résolu _luaL_getsubtable référencé dans la fonction "public: __thiscall interpreter::interpreter(class duel *)" (??0interpreter@@QAE@PAVduel@@@Z)
ocgcore.lib(interpreter.obj) : error LNK2019: symbole externe non résolu _luaL_openlibs référencé dans la fonction "public: __thiscall interpreter::interpreter(class duel *)" (??0interpreter@@QAE@PAVduel@@@Z)
ocgcore.lib(libcard.obj) : error LNK2019: symbole externe non résolu _lua_yieldk référencé dans la fonction "public: static int __cdecl scriptlib::card_remove_overlay_card(struct lua_State *)" (?card_remove_overlay_card@scriptlib@@SAHPAUlua_State@@@Z)
ocgcore.lib(libgroup.obj) : error LNK2001: symbole externe non résolu _lua_yieldk
ocgcore.lib(libduel.obj) : error LNK2001: symbole externe non résolu _lua_yieldk
ocgcore.lib(libdebug.obj) : error LNK2001: symbole externe non résolu _luaL_checkversion_
ocgcore.lib(libcard.obj) : error LNK2001: symbole externe non résolu _luaL_checkversion_
ocgcore.lib(libeffect.obj) : error LNK2001: symbole externe non résolu _luaL_checkversion_
ocgcore.lib(libgroup.obj) : error LNK2001: symbole externe non résolu _luaL_checkversion_
ocgcore.lib(libduel.obj) : error LNK2001: symbole externe non résolu _luaL_checkversion_
ocgcore.lib(libdebug.obj) : error LNK2001: symbole externe non résolu _luaL_setfuncs
ocgcore.lib(libcard.obj) : error LNK2001: symbole externe non résolu _luaL_setfuncs
ocgcore.lib(libeffect.obj) : error LNK2001: symbole externe non résolu _luaL_setfuncs
ocgcore.lib(libgroup.obj) : error LNK2001: symbole externe non résolu _luaL_setfuncs
ocgcore.lib(libduel.obj) : error LNK2001: symbole externe non résolu _luaL_setfuncs
ocgcore.lib(libeffect.obj) : error LNK2019: symbole externe non résolu _lua_isuserdata référencé dans la fonction "public: static int __cdecl scriptlib::effect_get_label_object(struct lua_State *)" (?effect_get_label_object@scriptlib@@SAHPAUlua_State@@@Z)
ocgcore.lib(scriptlib.obj) : error LNK2001: symbole externe non résolu _lua_isuserdata
ocgcore.lib(libeffect.obj) : error LNK2019: symbole externe non résolu _luaL_error référencé dans la fonction "public: static int __cdecl scriptlib::effect_set_label_object(struct lua_State *)" (?effect_set_label_object@scriptlib@@SAHPAUlua_State@@@Z)
ocgcore.lib(libgroup.obj) : error LNK2001: symbole externe non résolu _luaL_error
ocgcore.lib(libduel.obj) : error LNK2001: symbole externe non résolu _luaL_error
ocgcore.lib(scriptlib.obj) : error LNK2001: symbole externe non résolu _luaL_error
ocgcore.lib(scriptlib.obj) : error LNK2019: symbole externe non résolu _lua_isstring référencé dans la fonction "public: static int __cdecl scriptlib::check_param(struct lua_State *,int,int,int)" (?check_param@scriptlib@@SAHPAUlua_State@@HHH@Z)
ocgcore.lib(scriptlib.obj) : error LNK2019: symbole externe non résolu _lua_rawequal référencé dans la fonction "int __cdecl check_data_type(struct lua_State *,int,char const *)" (?check_data_type@@YAHPAUlua_State@@HPBD@Z)
ocgcore.lib(scriptlib.obj) : error LNK2019: symbole externe non résolu _lua_getmetatable référencé dans la fonction "int __cdecl check_data_type(struct lua_State *,int,char const *)" (?check_data_type@@YAHPAUlua_State@@HPBD@Z)
..\bin\debug\BCA.exe : fatal error LNK1120: 44 externes non résolus
