d:\battle city alpha 2.0\codes\v2\ygopro_bca\obj\release\event\event.pdb
d:\battle city alpha 2.0\codes\v2\ygopro_bca\obj\release\event\listener.obj
d:\battle city alpha 2.0\codes\v2\ygopro_bca\obj\release\event\http.obj
d:\battle city alpha 2.0\codes\v2\ygopro_bca\obj\release\event\evutil_rand.obj
d:\battle city alpha 2.0\codes\v2\ygopro_bca\obj\release\event\evutil.obj
d:\battle city alpha 2.0\codes\v2\ygopro_bca\obj\release\event\evthread_win32.obj
d:\battle city alpha 2.0\codes\v2\ygopro_bca\obj\release\event\evthread.obj
d:\battle city alpha 2.0\codes\v2\ygopro_bca\obj\release\event\evrpc.obj
d:\battle city alpha 2.0\codes\v2\ygopro_bca\obj\release\event\evmap.obj
d:\battle city alpha 2.0\codes\v2\ygopro_bca\obj\release\event\event_tagging.obj
d:\battle city alpha 2.0\codes\v2\ygopro_bca\obj\release\event\event_iocp.obj
d:\battle city alpha 2.0\codes\v2\ygopro_bca\obj\release\event\event.obj
d:\battle city alpha 2.0\codes\v2\ygopro_bca\obj\release\event\evdns.obj
d:\battle city alpha 2.0\codes\v2\ygopro_bca\obj\release\event\bufferevent_sock.obj
d:\battle city alpha 2.0\codes\v2\ygopro_bca\obj\release\event\bufferevent_ratelim.obj
d:\battle city alpha 2.0\codes\v2\ygopro_bca\obj\release\event\bufferevent_pair.obj
d:\battle city alpha 2.0\codes\v2\ygopro_bca\obj\release\event\bufferevent_filter.obj
d:\battle city alpha 2.0\codes\v2\ygopro_bca\obj\release\event\bufferevent_async.obj
d:\battle city alpha 2.0\codes\v2\ygopro_bca\obj\release\event\bufferevent.obj
d:\battle city alpha 2.0\codes\v2\ygopro_bca\obj\release\event\buffer_iocp.obj
d:\battle city alpha 2.0\codes\v2\ygopro_bca\obj\release\event\buffer.obj
d:\battle city alpha 2.0\codes\v2\ygopro_bca\obj\release\event\win32select.obj
d:\battle city alpha 2.0\codes\v2\ygopro_bca\obj\release\event\strlcpy.obj
d:\battle city alpha 2.0\codes\v2\ygopro_bca\obj\release\event\signal.obj
d:\battle city alpha 2.0\codes\v2\ygopro_bca\obj\release\event\log.obj
d:\battle city alpha 2.0\codes\v2\ygopro_bca\bin\release\event.lib
d:\battle city alpha 2.0\codes\v2\ygopro_bca\build\..\bin\release\event.lib
d:\battle city alpha 2.0\codes\v2\ygopro_bca\obj\release\event\event.tlog\cl.read.1.tlog
d:\battle city alpha 2.0\codes\v2\ygopro_bca\obj\release\event\event.tlog\cl.write.1.tlog
d:\battle city alpha 2.0\codes\v2\ygopro_bca\obj\release\event\event.tlog\cl.command.1.tlog
d:\battle city alpha 2.0\codes\v2\ygopro_bca\obj\release\event\event.tlog\lib-link.read.1.tlog
d:\battle city alpha 2.0\codes\v2\ygopro_bca\obj\release\event\event.tlog\lib-link.write.1.tlog
d:\battle city alpha 2.0\codes\v2\ygopro_bca\obj\release\event\event.tlog\lib.command.1.tlog
