  card.cpp
  duel.cpp
  effect.cpp
  field.cpp
  group.cpp
  interpreter.cpp
  libcard.cpp
  libdebug.cpp
  libduel.cpp
  libeffect.cpp
  libgroup.cpp
  mem.cpp
  ocgapi.cpp
  operations.cpp
  playerop.cpp
  processor.cpp
D:\Battle City Alpha 2.0\Codes\V2\ygopro_bca\ocgcore\processor.cpp(776,51): warning C4244: '=' : conversion de 'ptr' en 'uint8', perte possible de données
D:\Battle City Alpha 2.0\Codes\V2\ygopro_bca\ocgcore\processor.cpp(832,51): warning C4244: '=' : conversion de 'ptr' en 'uint8', perte possible de données
D:\Battle City Alpha 2.0\Codes\V2\ygopro_bca\ocgcore\processor.cpp(885,51): warning C4244: '=' : conversion de 'ptr' en 'uint8', perte possible de données
D:\Battle City Alpha 2.0\Codes\V2\ygopro_bca\ocgcore\processor.cpp(3341,26): warning C4018: '<' : incompatibilité signed/unsigned
D:\Battle City Alpha 2.0\Codes\V2\ygopro_bca\ocgcore\processor.cpp(3438,27): warning C4018: '<' : incompatibilité signed/unsigned
D:\Battle City Alpha 2.0\Codes\V2\ygopro_bca\ocgcore\processor.cpp(3558,24): warning C4018: '<' : incompatibilité signed/unsigned
  scriptlib.cpp
  Génération de code en cours...
  ocgcore.vcxproj -> D:\Battle City Alpha 2.0\Codes\V2\ygopro_bca\build\..\bin\debug\ocgcore.lib
