d:\battle city alpha 2.0\codes\v2\ygopro_bca\obj\release\irrlicht\irrlicht.pdb
d:\battle city alpha 2.0\codes\v2\ygopro_bca\obj\release\irrlicht\cd3d8normalmaprenderer.obj
d:\battle city alpha 2.0\codes\v2\ygopro_bca\obj\release\irrlicht\cd3d8driver.obj
d:\battle city alpha 2.0\codes\v2\ygopro_bca\obj\release\irrlicht\ccubescenenode.obj
d:\battle city alpha 2.0\codes\v2\ygopro_bca\obj\release\irrlicht\ccolorconverter.obj
d:\battle city alpha 2.0\codes\v2\ygopro_bca\obj\release\irrlicht\ccolladameshwriter.obj
d:\battle city alpha 2.0\codes\v2\ygopro_bca\obj\release\irrlicht\ccolladafileloader.obj
d:\battle city alpha 2.0\codes\v2\ygopro_bca\obj\release\irrlicht\ccgmaterialrenderer.obj
d:\battle city alpha 2.0\codes\v2\ygopro_bca\obj\release\irrlicht\ccamerascenenode.obj
d:\battle city alpha 2.0\codes\v2\ygopro_bca\obj\release\irrlicht\ccsmloader.obj
d:\battle city alpha 2.0\codes\v2\ygopro_bca\obj\release\irrlicht\cburningshader_raster_reference.obj
d:\battle city alpha 2.0\codes\v2\ygopro_bca\obj\release\irrlicht\cbonescenenode.obj
d:\battle city alpha 2.0\codes\v2\ygopro_bca\obj\release\irrlicht\cbillboardscenenode.obj
d:\battle city alpha 2.0\codes\v2\ygopro_bca\obj\release\irrlicht\cbspmeshfileloader.obj
d:\battle city alpha 2.0\codes\v2\ygopro_bca\obj\release\irrlicht\cb3dmeshfileloader.obj
d:\battle city alpha 2.0\codes\v2\ygopro_bca\obj\release\irrlicht\cattributes.obj
d:\battle city alpha 2.0\codes\v2\ygopro_bca\obj\release\irrlicht\canimatedmeshscenenode.obj
d:\battle city alpha 2.0\codes\v2\ygopro_bca\obj\release\irrlicht\canimatedmeshmd3.obj
d:\battle city alpha 2.0\codes\v2\ygopro_bca\obj\release\irrlicht\canimatedmeshmd2.obj
d:\battle city alpha 2.0\codes\v2\ygopro_bca\obj\release\irrlicht\canimatedmeshhalflife.obj
d:\battle city alpha 2.0\codes\v2\ygopro_bca\obj\release\irrlicht\c3dsmeshfileloader.obj
d:\battle city alpha 2.0\codes\v2\ygopro_bca\obj\release\irrlicht\cfilesystem.obj
d:\battle city alpha 2.0\codes\v2\ygopro_bca\obj\release\irrlicht\cfilelist.obj
d:\battle city alpha 2.0\codes\v2\ygopro_bca\obj\release\irrlicht\cfpscounter.obj
d:\battle city alpha 2.0\codes\v2\ygopro_bca\obj\release\irrlicht\cemptyscenenode.obj
d:\battle city alpha 2.0\codes\v2\ygopro_bca\obj\release\irrlicht\cdummytransformationscenenode.obj
d:\battle city alpha 2.0\codes\v2\ygopro_bca\obj\release\irrlicht\cdepthbuffer.obj
d:\battle city alpha 2.0\codes\v2\ygopro_bca\obj\release\irrlicht\cdefaultscenenodefactory.obj
d:\battle city alpha 2.0\codes\v2\ygopro_bca\obj\release\irrlicht\cdefaultscenenodeanimatorfactory.obj
d:\battle city alpha 2.0\codes\v2\ygopro_bca\obj\release\irrlicht\cdefaultguielementfactory.obj
d:\battle city alpha 2.0\codes\v2\ygopro_bca\obj\release\irrlicht\cdmfloader.obj
d:\battle city alpha 2.0\codes\v2\ygopro_bca\obj\release\irrlicht\cd3d9texture.obj
d:\battle city alpha 2.0\codes\v2\ygopro_bca\obj\release\irrlicht\cd3d9shadermaterialrenderer.obj
d:\battle city alpha 2.0\codes\v2\ygopro_bca\obj\release\irrlicht\cd3d9parallaxmaprenderer.obj
d:\battle city alpha 2.0\codes\v2\ygopro_bca\obj\release\irrlicht\cd3d9normalmaprenderer.obj
d:\battle city alpha 2.0\codes\v2\ygopro_bca\obj\release\irrlicht\cd3d9hlslmaterialrenderer.obj
d:\battle city alpha 2.0\codes\v2\ygopro_bca\obj\release\irrlicht\cd3d9driver.obj
d:\battle city alpha 2.0\codes\v2\ygopro_bca\obj\release\irrlicht\cd3d9cgmaterialrenderer.obj
d:\battle city alpha 2.0\codes\v2\ygopro_bca\obj\release\irrlicht\cd3d8texture.obj
d:\battle city alpha 2.0\codes\v2\ygopro_bca\obj\release\irrlicht\cd3d8shadermaterialrenderer.obj
d:\battle city alpha 2.0\codes\v2\ygopro_bca\obj\release\irrlicht\cd3d8parallaxmaprenderer.obj
d:\battle city alpha 2.0\codes\v2\ygopro_bca\obj\release\irrlicht\cguispinbox.obj
d:\battle city alpha 2.0\codes\v2\ygopro_bca\obj\release\irrlicht\cguiskin.obj
d:\battle city alpha 2.0\codes\v2\ygopro_bca\obj\release\irrlicht\cguiscrollbar.obj
d:\battle city alpha 2.0\codes\v2\ygopro_bca\obj\release\irrlicht\cguimodalscreen.obj
d:\battle city alpha 2.0\codes\v2\ygopro_bca\obj\release\irrlicht\cguimessagebox.obj
d:\battle city alpha 2.0\codes\v2\ygopro_bca\obj\release\irrlicht\cguimeshviewer.obj
d:\battle city alpha 2.0\codes\v2\ygopro_bca\obj\release\irrlicht\cguimenu.obj
d:\battle city alpha 2.0\codes\v2\ygopro_bca\obj\release\irrlicht\cguilistbox.obj
d:\battle city alpha 2.0\codes\v2\ygopro_bca\obj\release\irrlicht\cguiinoutfader.obj
d:\battle city alpha 2.0\codes\v2\ygopro_bca\obj\release\irrlicht\cguiimagelist.obj
d:\battle city alpha 2.0\codes\v2\ygopro_bca\obj\release\irrlicht\cguiimage.obj
d:\battle city alpha 2.0\codes\v2\ygopro_bca\obj\release\irrlicht\cguifont.obj
d:\battle city alpha 2.0\codes\v2\ygopro_bca\obj\release\irrlicht\cguifileopendialog.obj
d:\battle city alpha 2.0\codes\v2\ygopro_bca\obj\release\irrlicht\cguienvironment.obj
d:\battle city alpha 2.0\codes\v2\ygopro_bca\obj\release\irrlicht\cguieditbox.obj
d:\battle city alpha 2.0\codes\v2\ygopro_bca\obj\release\irrlicht\cguicontextmenu.obj
d:\battle city alpha 2.0\codes\v2\ygopro_bca\obj\release\irrlicht\cguicombobox.obj
d:\battle city alpha 2.0\codes\v2\ygopro_bca\obj\release\irrlicht\cguicolorselectdialog.obj
d:\battle city alpha 2.0\codes\v2\ygopro_bca\obj\release\irrlicht\cguicheckbox.obj
d:\battle city alpha 2.0\codes\v2\ygopro_bca\obj\release\irrlicht\cguibutton.obj
d:\battle city alpha 2.0\codes\v2\ygopro_bca\obj\release\irrlicht\cimagewriterbmp.obj
d:\battle city alpha 2.0\codes\v2\ygopro_bca\obj\release\irrlicht\cimageloaderwal.obj
d:\battle city alpha 2.0\codes\v2\ygopro_bca\obj\release\irrlicht\cimageloadertga.obj
d:\battle city alpha 2.0\codes\v2\ygopro_bca\obj\release\irrlicht\cimageloaderrgb.obj
d:\battle city alpha 2.0\codes\v2\ygopro_bca\obj\release\irrlicht\cimageloaderpsd.obj
d:\battle city alpha 2.0\codes\v2\ygopro_bca\obj\release\irrlicht\cimageloaderppm.obj
d:\battle city alpha 2.0\codes\v2\ygopro_bca\obj\release\irrlicht\cimageloaderpng.obj
d:\battle city alpha 2.0\codes\v2\ygopro_bca\obj\release\irrlicht\cimageloaderpcx.obj
d:\battle city alpha 2.0\codes\v2\ygopro_bca\obj\release\irrlicht\cimageloaderjpg.obj
d:\battle city alpha 2.0\codes\v2\ygopro_bca\obj\release\irrlicht\cimageloaderdds.obj
d:\battle city alpha 2.0\codes\v2\ygopro_bca\obj\release\irrlicht\cimageloaderbmp.obj
d:\battle city alpha 2.0\codes\v2\ygopro_bca\obj\release\irrlicht\cimage.obj
d:\battle city alpha 2.0\codes\v2\ygopro_bca\obj\release\irrlicht\cgeometrycreator.obj
d:\battle city alpha 2.0\codes\v2\ygopro_bca\obj\release\irrlicht\cguiwindow.obj
d:\battle city alpha 2.0\codes\v2\ygopro_bca\obj\release\irrlicht\cguitreeview.obj
d:\battle city alpha 2.0\codes\v2\ygopro_bca\obj\release\irrlicht\cguitoolbar.obj
d:\battle city alpha 2.0\codes\v2\ygopro_bca\obj\release\irrlicht\cguitable.obj
d:\battle city alpha 2.0\codes\v2\ygopro_bca\obj\release\irrlicht\cguitabcontrol.obj
d:\battle city alpha 2.0\codes\v2\ygopro_bca\obj\release\irrlicht\cguistatictext.obj
d:\battle city alpha 2.0\codes\v2\ygopro_bca\obj\release\irrlicht\cguispritebank.obj
d:\battle city alpha 2.0\codes\v2\ygopro_bca\obj\release\irrlicht\clogger.obj
d:\battle city alpha 2.0\codes\v2\ygopro_bca\obj\release\irrlicht\climitreadfile.obj
d:\battle city alpha 2.0\codes\v2\ygopro_bca\obj\release\irrlicht\clightscenenode.obj
d:\battle city alpha 2.0\codes\v2\ygopro_bca\obj\release\irrlicht\clwomeshfileloader.obj
d:\battle city alpha 2.0\codes\v2\ygopro_bca\obj\release\irrlicht\clmtsmeshfileloader.obj
d:\battle city alpha 2.0\codes\v2\ygopro_bca\obj\release\irrlicht\cirrmeshwriter.obj
d:\battle city alpha 2.0\codes\v2\ygopro_bca\obj\release\irrlicht\cirrmeshfileloader.obj
d:\battle city alpha 2.0\codes\v2\ygopro_bca\obj\release\irrlicht\cirrdevicewince.obj
d:\battle city alpha 2.0\codes\v2\ygopro_bca\obj\release\irrlicht\cirrdevicewin32.obj
d:\battle city alpha 2.0\codes\v2\ygopro_bca\obj\release\irrlicht\cirrdevicestub.obj
d:\battle city alpha 2.0\codes\v2\ygopro_bca\obj\release\irrlicht\cirrdevicesdl.obj
d:\battle city alpha 2.0\codes\v2\ygopro_bca\obj\release\irrlicht\cirrdevicelinux.obj
d:\battle city alpha 2.0\codes\v2\ygopro_bca\obj\release\irrlicht\cirrdevicefb.obj
d:\battle city alpha 2.0\codes\v2\ygopro_bca\obj\release\irrlicht\cirrdeviceconsole.obj
d:\battle city alpha 2.0\codes\v2\ygopro_bca\obj\release\irrlicht\cimagewritertga.obj
d:\battle city alpha 2.0\codes\v2\ygopro_bca\obj\release\irrlicht\cimagewriterpsd.obj
d:\battle city alpha 2.0\codes\v2\ygopro_bca\obj\release\irrlicht\cimagewriterppm.obj
d:\battle city alpha 2.0\codes\v2\ygopro_bca\obj\release\irrlicht\cimagewriterpng.obj
d:\battle city alpha 2.0\codes\v2\ygopro_bca\obj\release\irrlicht\cimagewriterpcx.obj
d:\battle city alpha 2.0\codes\v2\ygopro_bca\obj\release\irrlicht\cimagewriterjpg.obj
d:\battle city alpha 2.0\codes\v2\ygopro_bca\obj\release\irrlicht\copenglcgmaterialrenderer.obj
d:\battle city alpha 2.0\codes\v2\ygopro_bca\obj\release\irrlicht\cogremeshfileloader.obj
d:\battle city alpha 2.0\codes\v2\ygopro_bca\obj\release\irrlicht\coctreetriangleselector.obj
d:\battle city alpha 2.0\codes\v2\ygopro_bca\obj\release\irrlicht\coctreescenenode.obj
d:\battle city alpha 2.0\codes\v2\ygopro_bca\obj\release\irrlicht\cosoperator.obj
d:\battle city alpha 2.0\codes\v2\ygopro_bca\obj\release\irrlicht\coctloader.obj
d:\battle city alpha 2.0\codes\v2\ygopro_bca\obj\release\irrlicht\cobjmeshwriter.obj
d:\battle city alpha 2.0\codes\v2\ygopro_bca\obj\release\irrlicht\cobjmeshfileloader.obj
d:\battle city alpha 2.0\codes\v2\ygopro_bca\obj\release\irrlicht\cnulldriver.obj
d:\battle city alpha 2.0\codes\v2\ygopro_bca\obj\release\irrlicht\cnpkreader.obj
d:\battle city alpha 2.0\codes\v2\ygopro_bca\obj\release\irrlicht\cmountpointreader.obj
d:\battle city alpha 2.0\codes\v2\ygopro_bca\obj\release\irrlicht\cmetatriangleselector.obj
d:\battle city alpha 2.0\codes\v2\ygopro_bca\obj\release\irrlicht\cmeshscenenode.obj
d:\battle city alpha 2.0\codes\v2\ygopro_bca\obj\release\irrlicht\cmeshmanipulator.obj
d:\battle city alpha 2.0\codes\v2\ygopro_bca\obj\release\irrlicht\cmeshcache.obj
d:\battle city alpha 2.0\codes\v2\ygopro_bca\obj\release\irrlicht\cmemoryfile.obj
d:\battle city alpha 2.0\codes\v2\ygopro_bca\obj\release\irrlicht\cmy3dmeshfileloader.obj
d:\battle city alpha 2.0\codes\v2\ygopro_bca\obj\release\irrlicht\cms3dmeshfileloader.obj
d:\battle city alpha 2.0\codes\v2\ygopro_bca\obj\release\irrlicht\cmd3meshfileloader.obj
d:\battle city alpha 2.0\codes\v2\ygopro_bca\obj\release\irrlicht\cmd2meshfileloader.obj
d:\battle city alpha 2.0\codes\v2\ygopro_bca\obj\release\irrlicht\cparticlerotationaffector.obj
d:\battle city alpha 2.0\codes\v2\ygopro_bca\obj\release\irrlicht\cparticleringemitter.obj
d:\battle city alpha 2.0\codes\v2\ygopro_bca\obj\release\irrlicht\cparticlepointemitter.obj
d:\battle city alpha 2.0\codes\v2\ygopro_bca\obj\release\irrlicht\cparticlemeshemitter.obj
d:\battle city alpha 2.0\codes\v2\ygopro_bca\obj\release\irrlicht\cparticlegravityaffector.obj
d:\battle city alpha 2.0\codes\v2\ygopro_bca\obj\release\irrlicht\cparticlefadeoutaffector.obj
d:\battle city alpha 2.0\codes\v2\ygopro_bca\obj\release\irrlicht\cparticlecylinderemitter.obj
d:\battle city alpha 2.0\codes\v2\ygopro_bca\obj\release\irrlicht\cparticleboxemitter.obj
d:\battle city alpha 2.0\codes\v2\ygopro_bca\obj\release\irrlicht\cparticleattractionaffector.obj
d:\battle city alpha 2.0\codes\v2\ygopro_bca\obj\release\irrlicht\cparticleanimatedmeshscenenodeemitter.obj
d:\battle city alpha 2.0\codes\v2\ygopro_bca\obj\release\irrlicht\cpakreader.obj
d:\battle city alpha 2.0\codes\v2\ygopro_bca\obj\release\irrlicht\cplymeshwriter.obj
d:\battle city alpha 2.0\codes\v2\ygopro_bca\obj\release\irrlicht\cplymeshfileloader.obj
d:\battle city alpha 2.0\codes\v2\ygopro_bca\obj\release\irrlicht\copengltexture.obj
d:\battle city alpha 2.0\codes\v2\ygopro_bca\obj\release\irrlicht\copenglshadermaterialrenderer.obj
d:\battle city alpha 2.0\codes\v2\ygopro_bca\obj\release\irrlicht\copenglslmaterialrenderer.obj
d:\battle city alpha 2.0\codes\v2\ygopro_bca\obj\release\irrlicht\copenglparallaxmaprenderer.obj
d:\battle city alpha 2.0\codes\v2\ygopro_bca\obj\release\irrlicht\copenglnormalmaprenderer.obj
d:\battle city alpha 2.0\codes\v2\ygopro_bca\obj\release\irrlicht\copenglextensionhandler.obj
d:\battle city alpha 2.0\codes\v2\ygopro_bca\obj\release\irrlicht\copengldriver.obj
d:\battle city alpha 2.0\codes\v2\ygopro_bca\obj\release\irrlicht\cscenenodeanimatorrotation.obj
d:\battle city alpha 2.0\codes\v2\ygopro_bca\obj\release\irrlicht\cscenenodeanimatorfollowspline.obj
d:\battle city alpha 2.0\codes\v2\ygopro_bca\obj\release\irrlicht\cscenenodeanimatorflystraight.obj
d:\battle city alpha 2.0\codes\v2\ygopro_bca\obj\release\irrlicht\cscenenodeanimatorflycircle.obj
d:\battle city alpha 2.0\codes\v2\ygopro_bca\obj\release\irrlicht\cscenenodeanimatordelete.obj
d:\battle city alpha 2.0\codes\v2\ygopro_bca\obj\release\irrlicht\cscenenodeanimatorcollisionresponse.obj
d:\battle city alpha 2.0\codes\v2\ygopro_bca\obj\release\irrlicht\cscenenodeanimatorcameramaya.obj
d:\battle city alpha 2.0\codes\v2\ygopro_bca\obj\release\irrlicht\cscenenodeanimatorcamerafps.obj
d:\battle city alpha 2.0\codes\v2\ygopro_bca\obj\release\irrlicht\cscenemanager.obj
d:\battle city alpha 2.0\codes\v2\ygopro_bca\obj\release\irrlicht\csceneloaderirr.obj
d:\battle city alpha 2.0\codes\v2\ygopro_bca\obj\release\irrlicht\cscenecollisionmanager.obj
d:\battle city alpha 2.0\codes\v2\ygopro_bca\obj\release\irrlicht\cstlmeshwriter.obj
d:\battle city alpha 2.0\codes\v2\ygopro_bca\obj\release\irrlicht\cstlmeshfileloader.obj
d:\battle city alpha 2.0\codes\v2\ygopro_bca\obj\release\irrlicht\csmfmeshfileloader.obj
d:\battle city alpha 2.0\codes\v2\ygopro_bca\obj\release\irrlicht\creadfile.obj
d:\battle city alpha 2.0\codes\v2\ygopro_bca\obj\release\irrlicht\cquake3shaderscenenode.obj
d:\battle city alpha 2.0\codes\v2\ygopro_bca\obj\release\irrlicht\cq3levelmesh.obj
d:\battle city alpha 2.0\codes\v2\ygopro_bca\obj\release\irrlicht\cparticlesystemscenenode.obj
d:\battle city alpha 2.0\codes\v2\ygopro_bca\obj\release\irrlicht\cparticlesphereemitter.obj
d:\battle city alpha 2.0\codes\v2\ygopro_bca\obj\release\irrlicht\cparticlescaleaffector.obj
d:\battle city alpha 2.0\codes\v2\ygopro_bca\obj\release\irrlicht\ctrtextureblend.obj
d:\battle city alpha 2.0\codes\v2\ygopro_bca\obj\release\irrlicht\ctrstencilshadow.obj
d:\battle city alpha 2.0\codes\v2\ygopro_bca\obj\release\irrlicht\ctrnormalmap.obj
d:\battle city alpha 2.0\codes\v2\ygopro_bca\obj\release\irrlicht\ctrgouraudwire.obj
d:\battle city alpha 2.0\codes\v2\ygopro_bca\obj\release\irrlicht\ctrgouraudalphanoz2.obj
d:\battle city alpha 2.0\codes\v2\ygopro_bca\obj\release\irrlicht\ctrgouraudalpha2.obj
d:\battle city alpha 2.0\codes\v2\ygopro_bca\obj\release\irrlicht\ctrgouraud2.obj
d:\battle city alpha 2.0\codes\v2\ygopro_bca\obj\release\irrlicht\ctrgouraud.obj
d:\battle city alpha 2.0\codes\v2\ygopro_bca\obj\release\irrlicht\ctrflatwire.obj
d:\battle city alpha 2.0\codes\v2\ygopro_bca\obj\release\irrlicht\ctrflat.obj
d:\battle city alpha 2.0\codes\v2\ygopro_bca\obj\release\irrlicht\cspherescenenode.obj
d:\battle city alpha 2.0\codes\v2\ygopro_bca\obj\release\irrlicht\csoftwaretexture2.obj
d:\battle city alpha 2.0\codes\v2\ygopro_bca\obj\release\irrlicht\csoftwaretexture.obj
d:\battle city alpha 2.0\codes\v2\ygopro_bca\obj\release\irrlicht\csoftwaredriver2.obj
d:\battle city alpha 2.0\codes\v2\ygopro_bca\obj\release\irrlicht\csoftwaredriver.obj
d:\battle city alpha 2.0\codes\v2\ygopro_bca\obj\release\irrlicht\cskydomescenenode.obj
d:\battle city alpha 2.0\codes\v2\ygopro_bca\obj\release\irrlicht\cskyboxscenenode.obj
d:\battle city alpha 2.0\codes\v2\ygopro_bca\obj\release\irrlicht\cskinnedmesh.obj
d:\battle city alpha 2.0\codes\v2\ygopro_bca\obj\release\irrlicht\cshadowvolumescenenode.obj
d:\battle city alpha 2.0\codes\v2\ygopro_bca\obj\release\irrlicht\cscenenodeanimatortexture.obj
d:\battle city alpha 2.0\codes\v2\ygopro_bca\obj\release\irrlicht\ctrtexturewire2.obj
d:\battle city alpha 2.0\codes\v2\ygopro_bca\obj\release\irrlicht\ctrtexturelightmapgouraud2_m4.obj
d:\battle city alpha 2.0\codes\v2\ygopro_bca\obj\release\irrlicht\ctrtexturelightmap2_m4.obj
d:\battle city alpha 2.0\codes\v2\ygopro_bca\obj\release\irrlicht\ctrtexturelightmap2_m2.obj
d:\battle city alpha 2.0\codes\v2\ygopro_bca\obj\release\irrlicht\ctrtexturelightmap2_m1.obj
d:\battle city alpha 2.0\codes\v2\ygopro_bca\obj\release\irrlicht\ctrtexturelightmap2_add.obj
d:\battle city alpha 2.0\codes\v2\ygopro_bca\obj\release\irrlicht\ctrtexturegouraudwire.obj
d:\battle city alpha 2.0\codes\v2\ygopro_bca\obj\release\irrlicht\ctrtexturegouraudvertexalpha2.obj
d:\battle city alpha 2.0\codes\v2\ygopro_bca\obj\release\irrlicht\ctrtexturegouraudnoz2.obj
d:\battle city alpha 2.0\codes\v2\ygopro_bca\obj\release\irrlicht\ctrtexturegouraudnoz.obj
d:\battle city alpha 2.0\codes\v2\ygopro_bca\obj\release\irrlicht\ctrtexturegouraudalphanoz.obj
d:\battle city alpha 2.0\codes\v2\ygopro_bca\obj\release\irrlicht\ctrtexturegouraudalpha.obj
d:\battle city alpha 2.0\codes\v2\ygopro_bca\obj\release\irrlicht\ctrtexturegouraudaddnoz2.obj
d:\battle city alpha 2.0\codes\v2\ygopro_bca\obj\release\irrlicht\ctrtexturegouraudadd2.obj
d:\battle city alpha 2.0\codes\v2\ygopro_bca\obj\release\irrlicht\ctrtexturegouraudadd.obj
d:\battle city alpha 2.0\codes\v2\ygopro_bca\obj\release\irrlicht\ctrtexturegouraud2.obj
d:\battle city alpha 2.0\codes\v2\ygopro_bca\obj\release\irrlicht\ctrtexturegouraud.obj
d:\battle city alpha 2.0\codes\v2\ygopro_bca\obj\release\irrlicht\ctrtextureflatwire.obj
d:\battle city alpha 2.0\codes\v2\ygopro_bca\obj\release\irrlicht\ctrtextureflat.obj
d:\battle city alpha 2.0\codes\v2\ygopro_bca\obj\release\irrlicht\ctrtexturedetailmap2.obj
d:\battle city alpha 2.0\codes\v2\ygopro_bca\obj\release\irrlicht\aeskey.obj
d:\battle city alpha 2.0\codes\v2\ygopro_bca\obj\release\irrlicht\aescrypt.obj
d:\battle city alpha 2.0\codes\v2\ygopro_bca\obj\release\irrlicht\irrlicht.obj
d:\battle city alpha 2.0\codes\v2\ygopro_bca\obj\release\irrlicht\iburningshader.obj
d:\battle city alpha 2.0\codes\v2\ygopro_bca\obj\release\irrlicht\czipreader.obj
d:\battle city alpha 2.0\codes\v2\ygopro_bca\obj\release\irrlicht\czbuffer.obj
d:\battle city alpha 2.0\codes\v2\ygopro_bca\obj\release\irrlicht\cxmeshfileloader.obj
d:\battle city alpha 2.0\codes\v2\ygopro_bca\obj\release\irrlicht\cxmlwriter.obj
d:\battle city alpha 2.0\codes\v2\ygopro_bca\obj\release\irrlicht\cxmlreader.obj
d:\battle city alpha 2.0\codes\v2\ygopro_bca\obj\release\irrlicht\cwritefile.obj
d:\battle city alpha 2.0\codes\v2\ygopro_bca\obj\release\irrlicht\cwatersurfacescenenode.obj
d:\battle city alpha 2.0\codes\v2\ygopro_bca\obj\release\irrlicht\cwadreader.obj
d:\battle city alpha 2.0\codes\v2\ygopro_bca\obj\release\irrlicht\cvolumelightscenenode.obj
d:\battle city alpha 2.0\codes\v2\ygopro_bca\obj\release\irrlicht\cvideomodelist.obj
d:\battle city alpha 2.0\codes\v2\ygopro_bca\obj\release\irrlicht\ctriangleselector.obj
d:\battle city alpha 2.0\codes\v2\ygopro_bca\obj\release\irrlicht\ctrianglebbselector.obj
d:\battle city alpha 2.0\codes\v2\ygopro_bca\obj\release\irrlicht\ctextscenenode.obj
d:\battle city alpha 2.0\codes\v2\ygopro_bca\obj\release\irrlicht\cterraintriangleselector.obj
d:\battle city alpha 2.0\codes\v2\ygopro_bca\obj\release\irrlicht\cterrainscenenode.obj
d:\battle city alpha 2.0\codes\v2\ygopro_bca\obj\release\irrlicht\ctarreader.obj
d:\battle city alpha 2.0\codes\v2\ygopro_bca\obj\release\irrlicht\os.obj
d:\battle city alpha 2.0\codes\v2\ygopro_bca\obj\release\irrlicht\irrxml.obj
d:\battle city alpha 2.0\codes\v2\ygopro_bca\obj\release\irrlicht\sha2.obj
d:\battle city alpha 2.0\codes\v2\ygopro_bca\obj\release\irrlicht\sha1.obj
d:\battle city alpha 2.0\codes\v2\ygopro_bca\obj\release\irrlicht\pwd2key.obj
d:\battle city alpha 2.0\codes\v2\ygopro_bca\obj\release\irrlicht\prng.obj
d:\battle city alpha 2.0\codes\v2\ygopro_bca\obj\release\irrlicht\hmac.obj
d:\battle city alpha 2.0\codes\v2\ygopro_bca\obj\release\irrlicht\fileenc.obj
d:\battle city alpha 2.0\codes\v2\ygopro_bca\obj\release\irrlicht\aestab.obj
d:\battle city alpha 2.0\codes\v2\ygopro_bca\obj\release\irrlicht\jcomapi.obj
d:\battle city alpha 2.0\codes\v2\ygopro_bca\obj\release\irrlicht\jcmaster.obj
d:\battle city alpha 2.0\codes\v2\ygopro_bca\obj\release\irrlicht\jcmarker.obj
d:\battle city alpha 2.0\codes\v2\ygopro_bca\obj\release\irrlicht\jcmainct.obj
d:\battle city alpha 2.0\codes\v2\ygopro_bca\obj\release\irrlicht\jcinit.obj
d:\battle city alpha 2.0\codes\v2\ygopro_bca\obj\release\irrlicht\jchuff.obj
d:\battle city alpha 2.0\codes\v2\ygopro_bca\obj\release\irrlicht\jcdctmgr.obj
d:\battle city alpha 2.0\codes\v2\ygopro_bca\obj\release\irrlicht\jccolor.obj
d:\battle city alpha 2.0\codes\v2\ygopro_bca\obj\release\irrlicht\jccoefct.obj
d:\battle city alpha 2.0\codes\v2\ygopro_bca\obj\release\irrlicht\jcarith.obj
d:\battle city alpha 2.0\codes\v2\ygopro_bca\obj\release\irrlicht\jcapistd.obj
d:\battle city alpha 2.0\codes\v2\ygopro_bca\obj\release\irrlicht\jcapimin.obj
d:\battle city alpha 2.0\codes\v2\ygopro_bca\obj\release\irrlicht\jaricom.obj
d:\battle city alpha 2.0\codes\v2\ygopro_bca\obj\release\irrlicht\randtable.obj
d:\battle city alpha 2.0\codes\v2\ygopro_bca\obj\release\irrlicht\huffman.obj
d:\battle city alpha 2.0\codes\v2\ygopro_bca\obj\release\irrlicht\decompress.obj
d:\battle city alpha 2.0\codes\v2\ygopro_bca\obj\release\irrlicht\crctable.obj
d:\battle city alpha 2.0\codes\v2\ygopro_bca\obj\release\irrlicht\bzlib.obj
d:\battle city alpha 2.0\codes\v2\ygopro_bca\obj\release\irrlicht\bzcompress.obj
d:\battle city alpha 2.0\codes\v2\ygopro_bca\obj\release\irrlicht\blocksort.obj
d:\battle city alpha 2.0\codes\v2\ygopro_bca\obj\release\irrlicht\jdsample.obj
d:\battle city alpha 2.0\codes\v2\ygopro_bca\obj\release\irrlicht\jdpostct.obj
d:\battle city alpha 2.0\codes\v2\ygopro_bca\obj\release\irrlicht\jdmerge.obj
d:\battle city alpha 2.0\codes\v2\ygopro_bca\obj\release\irrlicht\jdmaster.obj
d:\battle city alpha 2.0\codes\v2\ygopro_bca\obj\release\irrlicht\jdmarker.obj
d:\battle city alpha 2.0\codes\v2\ygopro_bca\obj\release\irrlicht\jdmainct.obj
d:\battle city alpha 2.0\codes\v2\ygopro_bca\obj\release\irrlicht\jdinput.obj
d:\battle city alpha 2.0\codes\v2\ygopro_bca\obj\release\irrlicht\jdhuff.obj
d:\battle city alpha 2.0\codes\v2\ygopro_bca\obj\release\irrlicht\jddctmgr.obj
d:\battle city alpha 2.0\codes\v2\ygopro_bca\obj\release\irrlicht\jdcolor.obj
d:\battle city alpha 2.0\codes\v2\ygopro_bca\obj\release\irrlicht\jdcoefct.obj
d:\battle city alpha 2.0\codes\v2\ygopro_bca\obj\release\irrlicht\jdatasrc.obj
d:\battle city alpha 2.0\codes\v2\ygopro_bca\obj\release\irrlicht\jdatadst.obj
d:\battle city alpha 2.0\codes\v2\ygopro_bca\obj\release\irrlicht\jdarith.obj
d:\battle city alpha 2.0\codes\v2\ygopro_bca\obj\release\irrlicht\jdapistd.obj
d:\battle city alpha 2.0\codes\v2\ygopro_bca\obj\release\irrlicht\jdapimin.obj
d:\battle city alpha 2.0\codes\v2\ygopro_bca\obj\release\irrlicht\jctrans.obj
d:\battle city alpha 2.0\codes\v2\ygopro_bca\obj\release\irrlicht\jcsample.obj
d:\battle city alpha 2.0\codes\v2\ygopro_bca\obj\release\irrlicht\jcprepct.obj
d:\battle city alpha 2.0\codes\v2\ygopro_bca\obj\release\irrlicht\jcparam.obj
d:\battle city alpha 2.0\codes\v2\ygopro_bca\obj\release\irrlicht\pngrio.obj
d:\battle city alpha 2.0\codes\v2\ygopro_bca\obj\release\irrlicht\pngread.obj
d:\battle city alpha 2.0\codes\v2\ygopro_bca\obj\release\irrlicht\pngpread.obj
d:\battle city alpha 2.0\codes\v2\ygopro_bca\obj\release\irrlicht\pngmem.obj
d:\battle city alpha 2.0\codes\v2\ygopro_bca\obj\release\irrlicht\pngget.obj
d:\battle city alpha 2.0\codes\v2\ygopro_bca\obj\release\irrlicht\pngerror.obj
d:\battle city alpha 2.0\codes\v2\ygopro_bca\obj\release\irrlicht\png.obj
d:\battle city alpha 2.0\codes\v2\ygopro_bca\obj\release\irrlicht\jutils.obj
d:\battle city alpha 2.0\codes\v2\ygopro_bca\obj\release\irrlicht\jquant2.obj
d:\battle city alpha 2.0\codes\v2\ygopro_bca\obj\release\irrlicht\jquant1.obj
d:\battle city alpha 2.0\codes\v2\ygopro_bca\obj\release\irrlicht\jmemnobs.obj
d:\battle city alpha 2.0\codes\v2\ygopro_bca\obj\release\irrlicht\jmemmgr.obj
d:\battle city alpha 2.0\codes\v2\ygopro_bca\obj\release\irrlicht\jidctint.obj
d:\battle city alpha 2.0\codes\v2\ygopro_bca\obj\release\irrlicht\jidctfst.obj
d:\battle city alpha 2.0\codes\v2\ygopro_bca\obj\release\irrlicht\jidctflt.obj
d:\battle city alpha 2.0\codes\v2\ygopro_bca\obj\release\irrlicht\jfdctint.obj
d:\battle city alpha 2.0\codes\v2\ygopro_bca\obj\release\irrlicht\jfdctfst.obj
d:\battle city alpha 2.0\codes\v2\ygopro_bca\obj\release\irrlicht\jfdctflt.obj
d:\battle city alpha 2.0\codes\v2\ygopro_bca\obj\release\irrlicht\jerror.obj
d:\battle city alpha 2.0\codes\v2\ygopro_bca\obj\release\irrlicht\jdtrans.obj
d:\battle city alpha 2.0\codes\v2\ygopro_bca\obj\release\irrlicht\zutil.obj
d:\battle city alpha 2.0\codes\v2\ygopro_bca\obj\release\irrlicht\uncompr.obj
d:\battle city alpha 2.0\codes\v2\ygopro_bca\obj\release\irrlicht\trees.obj
d:\battle city alpha 2.0\codes\v2\ygopro_bca\obj\release\irrlicht\inftrees.obj
d:\battle city alpha 2.0\codes\v2\ygopro_bca\obj\release\irrlicht\inflate.obj
d:\battle city alpha 2.0\codes\v2\ygopro_bca\obj\release\irrlicht\inffast.obj
d:\battle city alpha 2.0\codes\v2\ygopro_bca\obj\release\irrlicht\deflate.obj
d:\battle city alpha 2.0\codes\v2\ygopro_bca\obj\release\irrlicht\crc32.obj
d:\battle city alpha 2.0\codes\v2\ygopro_bca\obj\release\irrlicht\compress.obj
d:\battle city alpha 2.0\codes\v2\ygopro_bca\obj\release\irrlicht\adler32.obj
d:\battle city alpha 2.0\codes\v2\ygopro_bca\obj\release\irrlicht\lzmadec.obj
d:\battle city alpha 2.0\codes\v2\ygopro_bca\obj\release\irrlicht\pngwutil.obj
d:\battle city alpha 2.0\codes\v2\ygopro_bca\obj\release\irrlicht\pngwtran.obj
d:\battle city alpha 2.0\codes\v2\ygopro_bca\obj\release\irrlicht\pngwrite.obj
d:\battle city alpha 2.0\codes\v2\ygopro_bca\obj\release\irrlicht\pngwio.obj
d:\battle city alpha 2.0\codes\v2\ygopro_bca\obj\release\irrlicht\pngtrans.obj
d:\battle city alpha 2.0\codes\v2\ygopro_bca\obj\release\irrlicht\pngset.obj
d:\battle city alpha 2.0\codes\v2\ygopro_bca\obj\release\irrlicht\pngrutil.obj
d:\battle city alpha 2.0\codes\v2\ygopro_bca\obj\release\irrlicht\pngrtran.obj
d:\battle city alpha 2.0\codes\v2\ygopro_bca\bin\release\irrlicht.lib
d:\battle city alpha 2.0\codes\v2\ygopro_bca\build\..\bin\release\irrlicht.lib
d:\battle city alpha 2.0\codes\v2\ygopro_bca\obj\release\irrlicht\irrlicht.tlog\cl.read.1.tlog
d:\battle city alpha 2.0\codes\v2\ygopro_bca\obj\release\irrlicht\irrlicht.tlog\cl.write.1.tlog
d:\battle city alpha 2.0\codes\v2\ygopro_bca\obj\release\irrlicht\irrlicht.tlog\cl.command.1.tlog
d:\battle city alpha 2.0\codes\v2\ygopro_bca\obj\release\irrlicht\irrlicht.tlog\lib-link.read.1.tlog
d:\battle city alpha 2.0\codes\v2\ygopro_bca\obj\release\irrlicht\irrlicht.tlog\lib-link.write.1.tlog
d:\battle city alpha 2.0\codes\v2\ygopro_bca\obj\release\irrlicht\irrlicht.tlog\lib.command.1.tlog
