  C3DSMeshFileLoader.cpp
  CAnimatedMeshHalfLife.cpp
D:\Battle City Alpha 2.0\Codes\V2\ygopro_bca\irrlicht\src\CAnimatedMeshHalfLife.cpp(31,11): warning C4244: '=' : conversion de 'double' en 'irr::f32', perte possible de données
D:\Battle City Alpha 2.0\Codes\V2\ygopro_bca\irrlicht\src\CAnimatedMeshHalfLife.cpp(32,11): warning C4244: '=' : conversion de 'double' en 'irr::f32', perte possible de données
D:\Battle City Alpha 2.0\Codes\V2\ygopro_bca\irrlicht\src\CAnimatedMeshHalfLife.cpp(34,11): warning C4244: '=' : conversion de 'double' en 'irr::f32', perte possible de données
D:\Battle City Alpha 2.0\Codes\V2\ygopro_bca\irrlicht\src\CAnimatedMeshHalfLife.cpp(35,11): warning C4244: '=' : conversion de 'double' en 'irr::f32', perte possible de données
D:\Battle City Alpha 2.0\Codes\V2\ygopro_bca\irrlicht\src\CAnimatedMeshHalfLife.cpp(37,11): warning C4244: '=' : conversion de 'double' en 'irr::f32', perte possible de données
D:\Battle City Alpha 2.0\Codes\V2\ygopro_bca\irrlicht\src\CAnimatedMeshHalfLife.cpp(38,11): warning C4244: '=' : conversion de 'double' en 'irr::f32', perte possible de données
D:\Battle City Alpha 2.0\Codes\V2\ygopro_bca\irrlicht\src\CAnimatedMeshHalfLife.cpp(83,17): warning C4244: '=' : conversion de 'double' en 'irr::f32', perte possible de données
D:\Battle City Alpha 2.0\Codes\V2\ygopro_bca\irrlicht\src\CAnimatedMeshHalfLife.cpp(84,16): warning C4244: '=' : conversion de 'double' en 'irr::f32', perte possible de données
D:\Battle City Alpha 2.0\Codes\V2\ygopro_bca\irrlicht\src\CAnimatedMeshHalfLife.cpp(85,34): warning C4244: '=' : conversion de 'double' en 'irr::f32', perte possible de données
D:\Battle City Alpha 2.0\Codes\V2\ygopro_bca\irrlicht\src\CAnimatedMeshHalfLife.cpp(86,27): warning C4244: '=' : conversion de 'double' en 'irr::f32', perte possible de données
D:\Battle City Alpha 2.0\Codes\V2\ygopro_bca\irrlicht\src\CAnimatedMeshHalfLife.cpp(101,14): warning C4244: '=' : conversion de 'double' en 'irr::f32', perte possible de données
D:\Battle City Alpha 2.0\Codes\V2\ygopro_bca\irrlicht\src\CAnimatedMeshHalfLife.cpp(102,14): warning C4244: '=' : conversion de 'double' en 'irr::f32', perte possible de données
  CAnimatedMeshMD2.cpp
  CAnimatedMeshMD3.cpp
  CAnimatedMeshSceneNode.cpp
D:\Battle City Alpha 2.0\Codes\V2\ygopro_bca\irrlicht\src\CAnimatedMeshSceneNode.cpp(111,33): warning C4244: '=' : conversion de 'double' en 'irr::f32', perte possible de données
D:\Battle City Alpha 2.0\Codes\V2\ygopro_bca\irrlicht\src\CAnimatedMeshSceneNode.cpp(116,31): warning C4244: '=' : conversion de 'double' en 'irr::f32', perte possible de données
  CAttributes.cpp
  CB3DMeshFileLoader.cpp
  CBSPMeshFileLoader.cpp
  CBillboardSceneNode.cpp
  CBoneSceneNode.cpp
  CBurningShader_Raster_Reference.cpp
  CCSMLoader.cpp
  CCameraSceneNode.cpp
  CCgMaterialRenderer.cpp
  CColladaFileLoader.cpp
  CColladaMeshWriter.cpp
  CColorConverter.cpp
  CCubeSceneNode.cpp
  CD3D8Driver.cpp
  CD3D8NormalMapRenderer.cpp
D:\Battle City Alpha 2.0\Codes\V2\ygopro_bca\irrlicht\src\CD3D8NormalMapRenderer.cpp(1,1): warning C4828: Le fichier contient un caractère qui débute à l'offset 0x34b et qui est non conforme dans le jeu de caractères source actuel (page de codes 65001).
D:\Battle City Alpha 2.0\Codes\V2\ygopro_bca\irrlicht\src\CD3D8NormalMapRenderer.cpp(1,1): warning C4828: Le fichier contient un caractère qui débute à l'offset 0x3a3 et qui est non conforme dans le jeu de caractères source actuel (page de codes 65001).
D:\Battle City Alpha 2.0\Codes\V2\ygopro_bca\irrlicht\src\CD3D8NormalMapRenderer.cpp(1,1): warning C4828: Le fichier contient un caractère qui débute à l'offset 0x95a et qui est non conforme dans le jeu de caractères source actuel (page de codes 65001).
D:\Battle City Alpha 2.0\Codes\V2\ygopro_bca\irrlicht\src\CD3D8NormalMapRenderer.cpp(1,1): warning C4828: Le fichier contient un caractère qui débute à l'offset 0x962 et qui est non conforme dans le jeu de caractères source actuel (page de codes 65001).
D:\Battle City Alpha 2.0\Codes\V2\ygopro_bca\irrlicht\src\CD3D8NormalMapRenderer.cpp(1,1): warning C4828: Le fichier contient un caractère qui débute à l'offset 0x96a et qui est non conforme dans le jeu de caractères source actuel (page de codes 65001).
D:\Battle City Alpha 2.0\Codes\V2\ygopro_bca\irrlicht\src\CD3D8NormalMapRenderer.cpp(1,1): warning C4828: Le fichier contient un caractère qui débute à l'offset 0xab5 et qui est non conforme dans le jeu de caractères source actuel (page de codes 65001).
D:\Battle City Alpha 2.0\Codes\V2\ygopro_bca\irrlicht\src\CD3D8NormalMapRenderer.cpp(1,1): warning C4828: Le fichier contient un caractère qui débute à l'offset 0xabd et qui est non conforme dans le jeu de caractères source actuel (page de codes 65001).
D:\Battle City Alpha 2.0\Codes\V2\ygopro_bca\irrlicht\src\CD3D8NormalMapRenderer.cpp(1,1): warning C4828: Le fichier contient un caractère qui débute à l'offset 0xac5 et qui est non conforme dans le jeu de caractères source actuel (page de codes 65001).
  Génération de code en cours...
  Compilation en cours...
  CD3D8ParallaxMapRenderer.cpp
D:\Battle City Alpha 2.0\Codes\V2\ygopro_bca\irrlicht\src\CD3D8ParallaxMapRenderer.cpp(1,1): warning C4828: Le fichier contient un caractère qui débute à l'offset 0x374 et qui est non conforme dans le jeu de caractères source actuel (page de codes 65001).
D:\Battle City Alpha 2.0\Codes\V2\ygopro_bca\irrlicht\src\CD3D8ParallaxMapRenderer.cpp(1,1): warning C4828: Le fichier contient un caractère qui débute à l'offset 0x3cc et qui est non conforme dans le jeu de caractères source actuel (page de codes 65001).
D:\Battle City Alpha 2.0\Codes\V2\ygopro_bca\irrlicht\src\CD3D8ParallaxMapRenderer.cpp(1,1): warning C4828: Le fichier contient un caractère qui débute à l'offset 0xc4f et qui est non conforme dans le jeu de caractères source actuel (page de codes 65001).
D:\Battle City Alpha 2.0\Codes\V2\ygopro_bca\irrlicht\src\CD3D8ParallaxMapRenderer.cpp(1,1): warning C4828: Le fichier contient un caractère qui débute à l'offset 0xc57 et qui est non conforme dans le jeu de caractères source actuel (page de codes 65001).
D:\Battle City Alpha 2.0\Codes\V2\ygopro_bca\irrlicht\src\CD3D8ParallaxMapRenderer.cpp(1,1): warning C4828: Le fichier contient un caractère qui débute à l'offset 0xc5f et qui est non conforme dans le jeu de caractères source actuel (page de codes 65001).
D:\Battle City Alpha 2.0\Codes\V2\ygopro_bca\irrlicht\src\CD3D8ParallaxMapRenderer.cpp(1,1): warning C4828: Le fichier contient un caractère qui débute à l'offset 0xdaa et qui est non conforme dans le jeu de caractères source actuel (page de codes 65001).
D:\Battle City Alpha 2.0\Codes\V2\ygopro_bca\irrlicht\src\CD3D8ParallaxMapRenderer.cpp(1,1): warning C4828: Le fichier contient un caractère qui débute à l'offset 0xdb2 et qui est non conforme dans le jeu de caractères source actuel (page de codes 65001).
D:\Battle City Alpha 2.0\Codes\V2\ygopro_bca\irrlicht\src\CD3D8ParallaxMapRenderer.cpp(1,1): warning C4828: Le fichier contient un caractère qui débute à l'offset 0xdba et qui est non conforme dans le jeu de caractères source actuel (page de codes 65001).
  CD3D8ShaderMaterialRenderer.cpp
  CD3D8Texture.cpp
  CD3D9CgMaterialRenderer.cpp
  CD3D9Driver.cpp
  CD3D9HLSLMaterialRenderer.cpp
  CD3D9NormalMapRenderer.cpp
D:\Battle City Alpha 2.0\Codes\V2\ygopro_bca\irrlicht\src\CD3D9NormalMapRenderer.cpp(1,1): warning C4828: Le fichier contient un caractère qui débute à l'offset 0x34b et qui est non conforme dans le jeu de caractères source actuel (page de codes 65001).
D:\Battle City Alpha 2.0\Codes\V2\ygopro_bca\irrlicht\src\CD3D9NormalMapRenderer.cpp(1,1): warning C4828: Le fichier contient un caractère qui débute à l'offset 0x3a3 et qui est non conforme dans le jeu de caractères source actuel (page de codes 65001).
D:\Battle City Alpha 2.0\Codes\V2\ygopro_bca\irrlicht\src\CD3D9NormalMapRenderer.cpp(1,1): warning C4828: Le fichier contient un caractère qui débute à l'offset 0xa33 et qui est non conforme dans le jeu de caractères source actuel (page de codes 65001).
D:\Battle City Alpha 2.0\Codes\V2\ygopro_bca\irrlicht\src\CD3D9NormalMapRenderer.cpp(1,1): warning C4828: Le fichier contient un caractère qui débute à l'offset 0xa3b et qui est non conforme dans le jeu de caractères source actuel (page de codes 65001).
D:\Battle City Alpha 2.0\Codes\V2\ygopro_bca\irrlicht\src\CD3D9NormalMapRenderer.cpp(1,1): warning C4828: Le fichier contient un caractère qui débute à l'offset 0xa43 et qui est non conforme dans le jeu de caractères source actuel (page de codes 65001).
D:\Battle City Alpha 2.0\Codes\V2\ygopro_bca\irrlicht\src\CD3D9NormalMapRenderer.cpp(1,1): warning C4828: Le fichier contient un caractère qui débute à l'offset 0xb8e et qui est non conforme dans le jeu de caractères source actuel (page de codes 65001).
D:\Battle City Alpha 2.0\Codes\V2\ygopro_bca\irrlicht\src\CD3D9NormalMapRenderer.cpp(1,1): warning C4828: Le fichier contient un caractère qui débute à l'offset 0xb96 et qui est non conforme dans le jeu de caractères source actuel (page de codes 65001).
D:\Battle City Alpha 2.0\Codes\V2\ygopro_bca\irrlicht\src\CD3D9NormalMapRenderer.cpp(1,1): warning C4828: Le fichier contient un caractère qui débute à l'offset 0xb9e et qui est non conforme dans le jeu de caractères source actuel (page de codes 65001).
  CD3D9ParallaxMapRenderer.cpp
D:\Battle City Alpha 2.0\Codes\V2\ygopro_bca\irrlicht\src\CD3D9ParallaxMapRenderer.cpp(1,1): warning C4828: Le fichier contient un caractère qui débute à l'offset 0x3ce et qui est non conforme dans le jeu de caractères source actuel (page de codes 65001).
D:\Battle City Alpha 2.0\Codes\V2\ygopro_bca\irrlicht\src\CD3D9ParallaxMapRenderer.cpp(1,1): warning C4828: Le fichier contient un caractère qui débute à l'offset 0x426 et qui est non conforme dans le jeu de caractères source actuel (page de codes 65001).
D:\Battle City Alpha 2.0\Codes\V2\ygopro_bca\irrlicht\src\CD3D9ParallaxMapRenderer.cpp(1,1): warning C4828: Le fichier contient un caractère qui débute à l'offset 0xceb et qui est non conforme dans le jeu de caractères source actuel (page de codes 65001).
D:\Battle City Alpha 2.0\Codes\V2\ygopro_bca\irrlicht\src\CD3D9ParallaxMapRenderer.cpp(1,1): warning C4828: Le fichier contient un caractère qui débute à l'offset 0xcf3 et qui est non conforme dans le jeu de caractères source actuel (page de codes 65001).
D:\Battle City Alpha 2.0\Codes\V2\ygopro_bca\irrlicht\src\CD3D9ParallaxMapRenderer.cpp(1,1): warning C4828: Le fichier contient un caractère qui débute à l'offset 0xcfb et qui est non conforme dans le jeu de caractères source actuel (page de codes 65001).
D:\Battle City Alpha 2.0\Codes\V2\ygopro_bca\irrlicht\src\CD3D9ParallaxMapRenderer.cpp(1,1): warning C4828: Le fichier contient un caractère qui débute à l'offset 0xe46 et qui est non conforme dans le jeu de caractères source actuel (page de codes 65001).
D:\Battle City Alpha 2.0\Codes\V2\ygopro_bca\irrlicht\src\CD3D9ParallaxMapRenderer.cpp(1,1): warning C4828: Le fichier contient un caractère qui débute à l'offset 0xe4e et qui est non conforme dans le jeu de caractères source actuel (page de codes 65001).
D:\Battle City Alpha 2.0\Codes\V2\ygopro_bca\irrlicht\src\CD3D9ParallaxMapRenderer.cpp(1,1): warning C4828: Le fichier contient un caractère qui débute à l'offset 0xe56 et qui est non conforme dans le jeu de caractères source actuel (page de codes 65001).
  CD3D9ShaderMaterialRenderer.cpp
  CD3D9Texture.cpp
  CDMFLoader.cpp
  CDefaultGUIElementFactory.cpp
  CDefaultSceneNodeAnimatorFactory.cpp
  CDefaultSceneNodeFactory.cpp
  CDepthBuffer.cpp
  CDummyTransformationSceneNode.cpp
  CEmptySceneNode.cpp
  CFPSCounter.cpp
  CFileList.cpp
  CFileSystem.cpp
  Génération de code en cours...
  Compilation en cours...
  CGUIButton.cpp
  CGUICheckBox.cpp
  CGUIColorSelectDialog.cpp
  CGUIComboBox.cpp
  CGUIContextMenu.cpp
  CGUIEditBox.cpp
  CGUIEnvironment.cpp
  CGUIFileOpenDialog.cpp
  CGUIFont.cpp
  CGUIImage.cpp
  CGUIImageList.cpp
  CGUIInOutFader.cpp
  CGUIListBox.cpp
  CGUIMenu.cpp
  CGUIMeshViewer.cpp
  CGUIMessageBox.cpp
  CGUIModalScreen.cpp
  CGUIScrollBar.cpp
  CGUISkin.cpp
  CGUISpinBox.cpp
  Génération de code en cours...
  Compilation en cours...
  CGUISpriteBank.cpp
  CGUIStaticText.cpp
  CGUITabControl.cpp
  CGUITable.cpp
  CGUIToolBar.cpp
  CGUITreeView.cpp
  CGUIWindow.cpp
  CGeometryCreator.cpp
  CImage.cpp
  CImageLoaderBMP.cpp
  CImageLoaderDDS.cpp
  CImageLoaderJPG.cpp
  CImageLoaderPCX.cpp
  CImageLoaderPNG.cpp
  CImageLoaderPPM.cpp
  CImageLoaderPSD.cpp
  CImageLoaderRGB.cpp
  CImageLoaderTGA.cpp
  CImageLoaderWAL.cpp
  CImageWriterBMP.cpp
  Génération de code en cours...
  Compilation en cours...
  CImageWriterJPG.cpp
  CImageWriterPCX.cpp
  CImageWriterPNG.cpp
  CImageWriterPPM.cpp
  CImageWriterPSD.cpp
  CImageWriterTGA.cpp
  CIrrDeviceConsole.cpp
  CIrrDeviceFB.cpp
  CIrrDeviceLinux.cpp
  CIrrDeviceSDL.cpp
  CIrrDeviceStub.cpp
  CIrrDeviceWin32.cpp
  CIrrDeviceWinCE.cpp
  CIrrMeshFileLoader.cpp
  CIrrMeshWriter.cpp
  CLMTSMeshFileLoader.cpp
  CLWOMeshFileLoader.cpp
  CLightSceneNode.cpp
  CLimitReadFile.cpp
  CLogger.cpp
  Génération de code en cours...
  Compilation en cours...
  CMD2MeshFileLoader.cpp
  CMD3MeshFileLoader.cpp
  CMS3DMeshFileLoader.cpp
  CMY3DMeshFileLoader.cpp
  CMemoryFile.cpp
  CMeshCache.cpp
  CMeshManipulator.cpp
  CMeshSceneNode.cpp
  CMetaTriangleSelector.cpp
  CMountPointReader.cpp
  CNPKReader.cpp
  CNullDriver.cpp
  COBJMeshFileLoader.cpp
  COBJMeshWriter.cpp
  COCTLoader.cpp
  COSOperator.cpp
  COctreeSceneNode.cpp
  COctreeTriangleSelector.cpp
  COgreMeshFileLoader.cpp
  COpenGLCgMaterialRenderer.cpp
  Génération de code en cours...
  Compilation en cours...
  COpenGLDriver.cpp
D:\Battle City Alpha 2.0\Codes\V2\ygopro_bca\irrlicht\src\COpenGLDriver.cpp(144,44): warning C4838: la conversion de 'int' en 'DWORD' requiert une conversion restrictive
  COpenGLExtensionHandler.cpp
  COpenGLNormalMapRenderer.cpp
  COpenGLParallaxMapRenderer.cpp
  COpenGLSLMaterialRenderer.cpp
  COpenGLShaderMaterialRenderer.cpp
  COpenGLTexture.cpp
  CPLYMeshFileLoader.cpp
  CPLYMeshWriter.cpp
  CPakReader.cpp
  CParticleAnimatedMeshSceneNodeEmitter.cpp
  CParticleAttractionAffector.cpp
  CParticleBoxEmitter.cpp
  CParticleCylinderEmitter.cpp
  CParticleFadeOutAffector.cpp
  CParticleGravityAffector.cpp
  CParticleMeshEmitter.cpp
  CParticlePointEmitter.cpp
  CParticleRingEmitter.cpp
  CParticleRotationAffector.cpp
  Génération de code en cours...
  Compilation en cours...
  CParticleScaleAffector.cpp
  CParticleSphereEmitter.cpp
  CParticleSystemSceneNode.cpp
  CQ3LevelMesh.cpp
  CQuake3ShaderSceneNode.cpp
  CReadFile.cpp
  CSMFMeshFileLoader.cpp
  CSTLMeshFileLoader.cpp
  CSTLMeshWriter.cpp
  CSceneCollisionManager.cpp
  CSceneLoaderIrr.cpp
  CSceneManager.cpp
  CSceneNodeAnimatorCameraFPS.cpp
  CSceneNodeAnimatorCameraMaya.cpp
  CSceneNodeAnimatorCollisionResponse.cpp
  CSceneNodeAnimatorDelete.cpp
  CSceneNodeAnimatorFlyCircle.cpp
  CSceneNodeAnimatorFlyStraight.cpp
  CSceneNodeAnimatorFollowSpline.cpp
  CSceneNodeAnimatorRotation.cpp
  Génération de code en cours...
  Compilation en cours...
  CSceneNodeAnimatorTexture.cpp
  CShadowVolumeSceneNode.cpp
  CSkinnedMesh.cpp
  CSkyBoxSceneNode.cpp
  CSkyDomeSceneNode.cpp
  CSoftwareDriver.cpp
  CSoftwareDriver2.cpp
  CSoftwareTexture.cpp
  CSoftwareTexture2.cpp
  CSphereSceneNode.cpp
  CTRFlat.cpp
  CTRFlatWire.cpp
  CTRGouraud.cpp
  CTRGouraud2.cpp
  CTRGouraudAlpha2.cpp
  CTRGouraudAlphaNoZ2.cpp
  CTRGouraudWire.cpp
  CTRNormalMap.cpp
  CTRStencilShadow.cpp
  CTRTextureBlend.cpp
  Génération de code en cours...
  Compilation en cours...
  CTRTextureDetailMap2.cpp
  CTRTextureFlat.cpp
  CTRTextureFlatWire.cpp
  CTRTextureGouraud.cpp
  CTRTextureGouraud2.cpp
  CTRTextureGouraudAdd.cpp
  CTRTextureGouraudAdd2.cpp
  CTRTextureGouraudAddNoZ2.cpp
  CTRTextureGouraudAlpha.cpp
  CTRTextureGouraudAlphaNoZ.cpp
  CTRTextureGouraudNoZ.cpp
  CTRTextureGouraudNoZ2.cpp
  CTRTextureGouraudVertexAlpha2.cpp
  CTRTextureGouraudWire.cpp
  CTRTextureLightMap2_Add.cpp
  CTRTextureLightMap2_M1.cpp
  CTRTextureLightMap2_M2.cpp
  CTRTextureLightMap2_M4.cpp
  CTRTextureLightMapGouraud2_M4.cpp
  CTRTextureWire2.cpp
  Génération de code en cours...
  Compilation en cours...
  CTarReader.cpp
  CTerrainSceneNode.cpp
  CTerrainTriangleSelector.cpp
  CTextSceneNode.cpp
  CTriangleBBSelector.cpp
  CTriangleSelector.cpp
  CVideoModeList.cpp
  CVolumeLightSceneNode.cpp
  CWADReader.cpp
  CWaterSurfaceSceneNode.cpp
  CWriteFile.cpp
  CXMLReader.cpp
  CXMLWriter.cpp
  CXMeshFileLoader.cpp
  CZBuffer.cpp
  CZipReader.cpp
D:\Battle City Alpha 2.0\Codes\V2\ygopro_bca\irrlicht\src\CZipReader.cpp(623,25): warning C4477: 'swprintf_s' : la chaîne de format '%s' nécessite un argument de type 'wchar_t *', mais l'argument variadique 1 est de type 'const T *'
          with
          [
              T=irr::c8
          ]
D:\Battle City Alpha 2.0\Codes\V2\ygopro_bca\irrlicht\src\CZipReader.cpp(623,25): message : utilisez '%hs' dans la chaîne de format
D:\Battle City Alpha 2.0\Codes\V2\ygopro_bca\irrlicht\src\CZipReader.cpp(623,25): message : utilisez '%Ts' dans la chaîne de format
D:\Battle City Alpha 2.0\Codes\V2\ygopro_bca\irrlicht\src\CZipReader.cpp(623,25): message : cet avertissement est basé sur la sémantique non standard utilisée par Visual C++
D:\Battle City Alpha 2.0\Codes\V2\ygopro_bca\irrlicht\src\CZipReader.cpp(636,26): warning C4477: 'swprintf_s' : la chaîne de format '%s' nécessite un argument de type 'wchar_t *', mais l'argument variadique 1 est de type 'const T *'
          with
          [
              T=irr::c8
          ]
D:\Battle City Alpha 2.0\Codes\V2\ygopro_bca\irrlicht\src\CZipReader.cpp(636,26): message : utilisez '%hs' dans la chaîne de format
D:\Battle City Alpha 2.0\Codes\V2\ygopro_bca\irrlicht\src\CZipReader.cpp(636,26): message : utilisez '%Ts' dans la chaîne de format
D:\Battle City Alpha 2.0\Codes\V2\ygopro_bca\irrlicht\src\CZipReader.cpp(636,26): message : cet avertissement est basé sur la sémantique non standard utilisée par Visual C++
D:\Battle City Alpha 2.0\Codes\V2\ygopro_bca\irrlicht\src\CZipReader.cpp(677,25): warning C4477: 'swprintf_s' : la chaîne de format '%s' nécessite un argument de type 'wchar_t *', mais l'argument variadique 1 est de type 'const T *'
          with
          [
              T=irr::c8
          ]
D:\Battle City Alpha 2.0\Codes\V2\ygopro_bca\irrlicht\src\CZipReader.cpp(677,25): message : utilisez '%hs' dans la chaîne de format
D:\Battle City Alpha 2.0\Codes\V2\ygopro_bca\irrlicht\src\CZipReader.cpp(677,25): message : utilisez '%Ts' dans la chaîne de format
D:\Battle City Alpha 2.0\Codes\V2\ygopro_bca\irrlicht\src\CZipReader.cpp(677,25): message : cet avertissement est basé sur la sémantique non standard utilisée par Visual C++
D:\Battle City Alpha 2.0\Codes\V2\ygopro_bca\irrlicht\src\CZipReader.cpp(697,25): warning C4477: 'swprintf_s' : la chaîne de format '%s' nécessite un argument de type 'wchar_t *', mais l'argument variadique 1 est de type 'const T *'
          with
          [
              T=irr::c8
          ]
D:\Battle City Alpha 2.0\Codes\V2\ygopro_bca\irrlicht\src\CZipReader.cpp(697,25): message : utilisez '%hs' dans la chaîne de format
D:\Battle City Alpha 2.0\Codes\V2\ygopro_bca\irrlicht\src\CZipReader.cpp(697,25): message : utilisez '%Ts' dans la chaîne de format
D:\Battle City Alpha 2.0\Codes\V2\ygopro_bca\irrlicht\src\CZipReader.cpp(697,25): message : cet avertissement est basé sur la sémantique non standard utilisée par Visual C++
D:\Battle City Alpha 2.0\Codes\V2\ygopro_bca\irrlicht\src\CZipReader.cpp(710,26): warning C4477: 'swprintf_s' : la chaîne de format '%s' nécessite un argument de type 'wchar_t *', mais l'argument variadique 1 est de type 'const T *'
          with
          [
              T=irr::c8
          ]
D:\Battle City Alpha 2.0\Codes\V2\ygopro_bca\irrlicht\src\CZipReader.cpp(710,26): message : utilisez '%hs' dans la chaîne de format
D:\Battle City Alpha 2.0\Codes\V2\ygopro_bca\irrlicht\src\CZipReader.cpp(710,26): message : utilisez '%Ts' dans la chaîne de format
D:\Battle City Alpha 2.0\Codes\V2\ygopro_bca\irrlicht\src\CZipReader.cpp(710,26): message : cet avertissement est basé sur la sémantique non standard utilisée par Visual C++
D:\Battle City Alpha 2.0\Codes\V2\ygopro_bca\irrlicht\src\CZipReader.cpp(748,25): warning C4477: 'swprintf_s' : la chaîne de format '%s' nécessite un argument de type 'wchar_t *', mais l'argument variadique 1 est de type 'const T *'
          with
          [
              T=irr::c8
          ]
D:\Battle City Alpha 2.0\Codes\V2\ygopro_bca\irrlicht\src\CZipReader.cpp(748,25): message : utilisez '%hs' dans la chaîne de format
D:\Battle City Alpha 2.0\Codes\V2\ygopro_bca\irrlicht\src\CZipReader.cpp(748,25): message : utilisez '%Ts' dans la chaîne de format
D:\Battle City Alpha 2.0\Codes\V2\ygopro_bca\irrlicht\src\CZipReader.cpp(748,25): message : cet avertissement est basé sur la sémantique non standard utilisée par Visual C++
D:\Battle City Alpha 2.0\Codes\V2\ygopro_bca\irrlicht\src\CZipReader.cpp(769,25): warning C4477: 'swprintf_s' : la chaîne de format '%s' nécessite un argument de type 'wchar_t *', mais l'argument variadique 1 est de type 'const T *'
          with
          [
              T=irr::c8
          ]
D:\Battle City Alpha 2.0\Codes\V2\ygopro_bca\irrlicht\src\CZipReader.cpp(769,25): message : utilisez '%hs' dans la chaîne de format
D:\Battle City Alpha 2.0\Codes\V2\ygopro_bca\irrlicht\src\CZipReader.cpp(769,25): message : utilisez '%Ts' dans la chaîne de format
D:\Battle City Alpha 2.0\Codes\V2\ygopro_bca\irrlicht\src\CZipReader.cpp(769,25): message : cet avertissement est basé sur la sémantique non standard utilisée par Visual C++
D:\Battle City Alpha 2.0\Codes\V2\ygopro_bca\irrlicht\src\CZipReader.cpp(782,26): warning C4477: 'swprintf_s' : la chaîne de format '%s' nécessite un argument de type 'wchar_t *', mais l'argument variadique 1 est de type 'const T *'
          with
          [
              T=irr::c8
          ]
D:\Battle City Alpha 2.0\Codes\V2\ygopro_bca\irrlicht\src\CZipReader.cpp(782,26): message : utilisez '%hs' dans la chaîne de format
D:\Battle City Alpha 2.0\Codes\V2\ygopro_bca\irrlicht\src\CZipReader.cpp(782,26): message : utilisez '%Ts' dans la chaîne de format
D:\Battle City Alpha 2.0\Codes\V2\ygopro_bca\irrlicht\src\CZipReader.cpp(782,26): message : cet avertissement est basé sur la sémantique non standard utilisée par Visual C++
D:\Battle City Alpha 2.0\Codes\V2\ygopro_bca\irrlicht\src\CZipReader.cpp(829,23): warning C4477: 'swprintf_s' : la chaîne de format '%s' nécessite un argument de type 'wchar_t *', mais l'argument variadique 1 est de type 'const T *'
          with
          [
              T=irr::c8
          ]
D:\Battle City Alpha 2.0\Codes\V2\ygopro_bca\irrlicht\src\CZipReader.cpp(829,23): message : utilisez '%hs' dans la chaîne de format
D:\Battle City Alpha 2.0\Codes\V2\ygopro_bca\irrlicht\src\CZipReader.cpp(829,23): message : utilisez '%Ts' dans la chaîne de format
D:\Battle City Alpha 2.0\Codes\V2\ygopro_bca\irrlicht\src\CZipReader.cpp(829,23): message : cet avertissement est basé sur la sémantique non standard utilisée par Visual C++
  IBurningShader.cpp
  Irrlicht.cpp
  aescrypt.cpp
  aeskey.cpp
  Génération de code en cours...
  Compilation en cours...
  aestab.cpp
  fileenc.cpp
  hmac.cpp
  prng.cpp
  pwd2key.cpp
  sha1.cpp
  sha2.cpp
  irrXML.cpp
  os.cpp
  Génération de code en cours...
  blocksort.c
  bzcompress.c
  bzlib.c
  crctable.c
  decompress.c
  huffman.c
  randtable.c
  jaricom.c
  jcapimin.c
  jcapistd.c
  jcarith.c
  jccoefct.c
  jccolor.c
  jcdctmgr.c
  jchuff.c
  jcinit.c
  jcmainct.c
  jcmarker.c
  jcmaster.c
  jcomapi.c
  Génération de code en cours...
  Compilation en cours...
  jcparam.c
  jcprepct.c
  jcsample.c
  jctrans.c
  jdapimin.c
  jdapistd.c
  jdarith.c
  jdatadst.c
  jdatasrc.c
  jdcoefct.c
  jdcolor.c
  jddctmgr.c
  jdhuff.c
  jdinput.c
  jdmainct.c
  jdmarker.c
  jdmaster.c
  jdmerge.c
  jdpostct.c
  jdsample.c
  Génération de code en cours...
  Compilation en cours...
  jdtrans.c
  jerror.c
  jfdctflt.c
  jfdctfst.c
  jfdctint.c
  jidctflt.c
  jidctfst.c
  jidctint.c
  jmemmgr.c
  jmemnobs.c
  jquant1.c
  jquant2.c
  jutils.c
  png.c
  pngerror.c
  pngget.c
  pngmem.c
  pngpread.c
  pngread.c
  pngrio.c
  Génération de code en cours...
  Compilation en cours...
  pngrtran.c
  pngrutil.c
  pngset.c
  pngtrans.c
  pngwio.c
  pngwrite.c
  pngwtran.c
  pngwutil.c
  LzmaDec.c
  adler32.c
  compress.c
  crc32.c
  deflate.c
  inffast.c
  inflate.c
  inftrees.c
  trees.c
  uncompr.c
  zutil.c
  Génération de code en cours...
  Irrlicht.vcxproj -> D:\Battle City Alpha 2.0\Codes\V2\ygopro_bca\build\..\bin\release\Irrlicht.lib
