d:\battle city alpha 2.0\codes\v2\ygopro_bca\obj\release\lua\lua.pdb
d:\battle city alpha 2.0\codes\v2\ygopro_bca\obj\release\lua\lobject.obj
d:\battle city alpha 2.0\codes\v2\ygopro_bca\obj\release\lua\loadlib.obj
d:\battle city alpha 2.0\codes\v2\ygopro_bca\obj\release\lua\lmem.obj
d:\battle city alpha 2.0\codes\v2\ygopro_bca\obj\release\lua\lmathlib.obj
d:\battle city alpha 2.0\codes\v2\ygopro_bca\obj\release\lua\llex.obj
d:\battle city alpha 2.0\codes\v2\ygopro_bca\obj\release\lua\liolib.obj
d:\battle city alpha 2.0\codes\v2\ygopro_bca\obj\release\lua\linit.obj
d:\battle city alpha 2.0\codes\v2\ygopro_bca\obj\release\lua\lgc.obj
d:\battle city alpha 2.0\codes\v2\ygopro_bca\obj\release\lua\lfunc.obj
d:\battle city alpha 2.0\codes\v2\ygopro_bca\obj\release\lua\ldump.obj
d:\battle city alpha 2.0\codes\v2\ygopro_bca\obj\release\lua\ldo.obj
d:\battle city alpha 2.0\codes\v2\ygopro_bca\obj\release\lua\ldebug.obj
d:\battle city alpha 2.0\codes\v2\ygopro_bca\obj\release\lua\ldblib.obj
d:\battle city alpha 2.0\codes\v2\ygopro_bca\obj\release\lua\lctype.obj
d:\battle city alpha 2.0\codes\v2\ygopro_bca\obj\release\lua\lcorolib.obj
d:\battle city alpha 2.0\codes\v2\ygopro_bca\obj\release\lua\lcode.obj
d:\battle city alpha 2.0\codes\v2\ygopro_bca\obj\release\lua\lbitlib.obj
d:\battle city alpha 2.0\codes\v2\ygopro_bca\obj\release\lua\lbaselib.obj
d:\battle city alpha 2.0\codes\v2\ygopro_bca\obj\release\lua\lauxlib.obj
d:\battle city alpha 2.0\codes\v2\ygopro_bca\obj\release\lua\lapi.obj
d:\battle city alpha 2.0\codes\v2\ygopro_bca\obj\release\lua\lzio.obj
d:\battle city alpha 2.0\codes\v2\ygopro_bca\obj\release\lua\lvm.obj
d:\battle city alpha 2.0\codes\v2\ygopro_bca\obj\release\lua\lutf8lib.obj
d:\battle city alpha 2.0\codes\v2\ygopro_bca\obj\release\lua\lundump.obj
d:\battle city alpha 2.0\codes\v2\ygopro_bca\obj\release\lua\ltm.obj
d:\battle city alpha 2.0\codes\v2\ygopro_bca\obj\release\lua\ltablib.obj
d:\battle city alpha 2.0\codes\v2\ygopro_bca\obj\release\lua\ltable.obj
d:\battle city alpha 2.0\codes\v2\ygopro_bca\obj\release\lua\lstrlib.obj
d:\battle city alpha 2.0\codes\v2\ygopro_bca\obj\release\lua\lstring.obj
d:\battle city alpha 2.0\codes\v2\ygopro_bca\obj\release\lua\lstate.obj
d:\battle city alpha 2.0\codes\v2\ygopro_bca\obj\release\lua\lparser.obj
d:\battle city alpha 2.0\codes\v2\ygopro_bca\obj\release\lua\loslib.obj
d:\battle city alpha 2.0\codes\v2\ygopro_bca\obj\release\lua\lopcodes.obj
d:\battle city alpha 2.0\codes\v2\ygopro_bca\bin\release\lua.lib
d:\battle city alpha 2.0\codes\v2\ygopro_bca\build\..\bin\release\lua.lib
d:\battle city alpha 2.0\codes\v2\ygopro_bca\obj\release\lua\lua.tlog\cl.read.1.tlog
d:\battle city alpha 2.0\codes\v2\ygopro_bca\obj\release\lua\lua.tlog\cl.write.1.tlog
d:\battle city alpha 2.0\codes\v2\ygopro_bca\obj\release\lua\lua.tlog\cl.command.1.tlog
d:\battle city alpha 2.0\codes\v2\ygopro_bca\obj\release\lua\lua.tlog\lib-link.read.1.tlog
d:\battle city alpha 2.0\codes\v2\ygopro_bca\obj\release\lua\lua.tlog\lib-link.write.1.tlog
d:\battle city alpha 2.0\codes\v2\ygopro_bca\obj\release\lua\lua.tlog\lib.command.1.tlog
