d:\battle city alpha 2.0\codes\v2\ygopro_bca\obj\release\ocgcore\ocgcore.pdb
d:\battle city alpha 2.0\codes\v2\ygopro_bca\obj\release\ocgcore\scriptlib.obj
d:\battle city alpha 2.0\codes\v2\ygopro_bca\obj\release\ocgcore\processor.obj
d:\battle city alpha 2.0\codes\v2\ygopro_bca\obj\release\ocgcore\playerop.obj
d:\battle city alpha 2.0\codes\v2\ygopro_bca\obj\release\ocgcore\operations.obj
d:\battle city alpha 2.0\codes\v2\ygopro_bca\obj\release\ocgcore\ocgapi.obj
d:\battle city alpha 2.0\codes\v2\ygopro_bca\obj\release\ocgcore\mem.obj
d:\battle city alpha 2.0\codes\v2\ygopro_bca\obj\release\ocgcore\libgroup.obj
d:\battle city alpha 2.0\codes\v2\ygopro_bca\obj\release\ocgcore\libeffect.obj
d:\battle city alpha 2.0\codes\v2\ygopro_bca\obj\release\ocgcore\libduel.obj
d:\battle city alpha 2.0\codes\v2\ygopro_bca\obj\release\ocgcore\libdebug.obj
d:\battle city alpha 2.0\codes\v2\ygopro_bca\obj\release\ocgcore\libcard.obj
d:\battle city alpha 2.0\codes\v2\ygopro_bca\obj\release\ocgcore\interpreter.obj
d:\battle city alpha 2.0\codes\v2\ygopro_bca\obj\release\ocgcore\group.obj
d:\battle city alpha 2.0\codes\v2\ygopro_bca\obj\release\ocgcore\field.obj
d:\battle city alpha 2.0\codes\v2\ygopro_bca\obj\release\ocgcore\effect.obj
d:\battle city alpha 2.0\codes\v2\ygopro_bca\obj\release\ocgcore\duel.obj
d:\battle city alpha 2.0\codes\v2\ygopro_bca\obj\release\ocgcore\card.obj
d:\battle city alpha 2.0\codes\v2\ygopro_bca\bin\release\ocgcore.lib
d:\battle city alpha 2.0\codes\v2\ygopro_bca\build\..\bin\release\ocgcore.lib
d:\battle city alpha 2.0\codes\v2\ygopro_bca\obj\release\ocgcore\ocgcore.tlog\cl.read.1.tlog
d:\battle city alpha 2.0\codes\v2\ygopro_bca\obj\release\ocgcore\ocgcore.tlog\cl.write.1.tlog
d:\battle city alpha 2.0\codes\v2\ygopro_bca\obj\release\ocgcore\ocgcore.tlog\cl.command.1.tlog
d:\battle city alpha 2.0\codes\v2\ygopro_bca\obj\release\ocgcore\ocgcore.tlog\lib-link.read.1.tlog
d:\battle city alpha 2.0\codes\v2\ygopro_bca\obj\release\ocgcore\ocgcore.tlog\lib-link.write.1.tlog
d:\battle city alpha 2.0\codes\v2\ygopro_bca\obj\release\ocgcore\ocgcore.tlog\lib.command.1.tlog
