d:\battle city alpha 2.0\codes\v2\ygopro_bca\obj\release\freetype\freetype.pdb
d:\battle city alpha 2.0\codes\v2\ygopro_bca\obj\release\freetype\ftxf86.obj
d:\battle city alpha 2.0\codes\v2\ygopro_bca\obj\release\freetype\fttype1.obj
d:\battle city alpha 2.0\codes\v2\ygopro_bca\obj\release\freetype\ftsystem.obj
d:\battle city alpha 2.0\codes\v2\ygopro_bca\obj\release\freetype\ftsynth.obj
d:\battle city alpha 2.0\codes\v2\ygopro_bca\obj\release\freetype\ftstroke.obj
d:\battle city alpha 2.0\codes\v2\ygopro_bca\obj\release\freetype\ftpfr.obj
d:\battle city alpha 2.0\codes\v2\ygopro_bca\obj\release\freetype\ftpatent.obj
d:\battle city alpha 2.0\codes\v2\ygopro_bca\obj\release\freetype\ftotval.obj
d:\battle city alpha 2.0\codes\v2\ygopro_bca\obj\release\freetype\ftmm.obj
d:\battle city alpha 2.0\codes\v2\ygopro_bca\obj\release\freetype\ftlcdfil.obj
d:\battle city alpha 2.0\codes\v2\ygopro_bca\obj\release\freetype\ftinit.obj
d:\battle city alpha 2.0\codes\v2\ygopro_bca\obj\release\freetype\ftgxval.obj
d:\battle city alpha 2.0\codes\v2\ygopro_bca\obj\release\freetype\ftglyph.obj
d:\battle city alpha 2.0\codes\v2\ygopro_bca\obj\release\freetype\ftgasp.obj
d:\battle city alpha 2.0\codes\v2\ygopro_bca\obj\release\freetype\ftfstype.obj
d:\battle city alpha 2.0\codes\v2\ygopro_bca\obj\release\freetype\ftdebug.obj
d:\battle city alpha 2.0\codes\v2\ygopro_bca\obj\release\freetype\ftbitmap.obj
d:\battle city alpha 2.0\codes\v2\ygopro_bca\obj\release\freetype\ftbbox.obj
d:\battle city alpha 2.0\codes\v2\ygopro_bca\obj\release\freetype\ftbase.obj
d:\battle city alpha 2.0\codes\v2\ygopro_bca\obj\release\freetype\autofit.obj
d:\battle city alpha 2.0\codes\v2\ygopro_bca\obj\release\freetype\winfnt.obj
d:\battle city alpha 2.0\codes\v2\ygopro_bca\obj\release\freetype\type42.obj
d:\battle city alpha 2.0\codes\v2\ygopro_bca\obj\release\freetype\type1.obj
d:\battle city alpha 2.0\codes\v2\ygopro_bca\obj\release\freetype\truetype.obj
d:\battle city alpha 2.0\codes\v2\ygopro_bca\obj\release\freetype\smooth.obj
d:\battle city alpha 2.0\codes\v2\ygopro_bca\obj\release\freetype\sfnt.obj
d:\battle city alpha 2.0\codes\v2\ygopro_bca\obj\release\freetype\raster.obj
d:\battle city alpha 2.0\codes\v2\ygopro_bca\obj\release\freetype\psmodule.obj
d:\battle city alpha 2.0\codes\v2\ygopro_bca\obj\release\freetype\pshinter.obj
d:\battle city alpha 2.0\codes\v2\ygopro_bca\obj\release\freetype\psaux.obj
d:\battle city alpha 2.0\codes\v2\ygopro_bca\obj\release\freetype\pfr.obj
d:\battle city alpha 2.0\codes\v2\ygopro_bca\obj\release\freetype\pcf.obj
d:\battle city alpha 2.0\codes\v2\ygopro_bca\obj\release\freetype\ftlzw.obj
d:\battle city alpha 2.0\codes\v2\ygopro_bca\obj\release\freetype\ftgzip.obj
d:\battle city alpha 2.0\codes\v2\ygopro_bca\obj\release\freetype\type1cid.obj
d:\battle city alpha 2.0\codes\v2\ygopro_bca\obj\release\freetype\cff.obj
d:\battle city alpha 2.0\codes\v2\ygopro_bca\obj\release\freetype\ftcache.obj
d:\battle city alpha 2.0\codes\v2\ygopro_bca\obj\release\freetype\bdf.obj
d:\battle city alpha 2.0\codes\v2\ygopro_bca\bin\release\freetype.lib
d:\battle city alpha 2.0\codes\v2\ygopro_bca\build\..\bin\release\freetype.lib
d:\battle city alpha 2.0\codes\v2\ygopro_bca\obj\release\freetype\freetype.tlog\cl.read.1.tlog
d:\battle city alpha 2.0\codes\v2\ygopro_bca\obj\release\freetype\freetype.tlog\cl.write.1.tlog
d:\battle city alpha 2.0\codes\v2\ygopro_bca\obj\release\freetype\freetype.tlog\cl.command.1.tlog
d:\battle city alpha 2.0\codes\v2\ygopro_bca\obj\release\freetype\freetype.tlog\lib-link.read.1.tlog
d:\battle city alpha 2.0\codes\v2\ygopro_bca\obj\release\freetype\freetype.tlog\lib-link.write.1.tlog
d:\battle city alpha 2.0\codes\v2\ygopro_bca\obj\release\freetype\freetype.tlog\lib.command.1.tlog
