d:\battle city alpha 2.0\codes\v2\ygopro_bca\obj\release\ygopro\vc142.pdb
d:\battle city alpha 2.0\codes\v2\ygopro_bca\obj\release\ygopro\image_manager.obj
d:\battle city alpha 2.0\codes\v2\ygopro_bca\obj\release\ygopro\gframe.obj
d:\battle city alpha 2.0\codes\v2\ygopro_bca\obj\release\ygopro\game.obj
d:\battle city alpha 2.0\codes\v2\ygopro_bca\obj\release\ygopro\event_handler.obj
d:\battle city alpha 2.0\codes\v2\ygopro_bca\obj\release\ygopro\duelclient.obj
d:\battle city alpha 2.0\codes\v2\ygopro_bca\obj\release\ygopro\drawing.obj
d:\battle city alpha 2.0\codes\v2\ygopro_bca\obj\release\ygopro\deck_manager.obj
d:\battle city alpha 2.0\codes\v2\ygopro_bca\obj\release\ygopro\deck_con.obj
d:\battle city alpha 2.0\codes\v2\ygopro_bca\obj\release\ygopro\data_manager.obj
d:\battle city alpha 2.0\codes\v2\ygopro_bca\obj\release\ygopro\cxmlregistry.obj
d:\battle city alpha 2.0\codes\v2\ygopro_bca\obj\release\ygopro\cxmlnode.obj
d:\battle city alpha 2.0\codes\v2\ygopro_bca\obj\release\ygopro\client_field.obj
d:\battle city alpha 2.0\codes\v2\ygopro_bca\obj\release\ygopro\client_card.obj
d:\battle city alpha 2.0\codes\v2\ygopro_bca\obj\release\ygopro\chest.obj
d:\battle city alpha 2.0\codes\v2\ygopro_bca\obj\release\ygopro\cguittfont.obj
d:\battle city alpha 2.0\codes\v2\ygopro_bca\obj\release\ygopro\cimageguiskin.obj
d:\battle city alpha 2.0\codes\v2\ygopro_bca\obj\release\ygopro\cguiskinsystem.obj
d:\battle city alpha 2.0\codes\v2\ygopro_bca\obj\release\ygopro\cguiprogressbar.obj
d:\battle city alpha 2.0\codes\v2\ygopro_bca\obj\release\ygopro\cconfigmap.obj
d:\battle city alpha 2.0\codes\v2\ygopro_bca\obj\release\ygopro\cguiimagebutton.obj
d:\battle city alpha 2.0\codes\v2\ygopro_bca\obj\release\ygopro\boosters.obj
d:\battle city alpha 2.0\codes\v2\ygopro_bca\obj\release\ygopro\tag_duel.obj
d:\battle city alpha 2.0\codes\v2\ygopro_bca\obj\release\ygopro\sound_manager.obj
d:\battle city alpha 2.0\codes\v2\ygopro_bca\obj\release\ygopro\single_mode.obj
d:\battle city alpha 2.0\codes\v2\ygopro_bca\obj\release\ygopro\single_duel.obj
d:\battle city alpha 2.0\codes\v2\ygopro_bca\obj\release\ygopro\replay_mode.obj
d:\battle city alpha 2.0\codes\v2\ygopro_bca\obj\release\ygopro\replay.obj
d:\battle city alpha 2.0\codes\v2\ygopro_bca\obj\release\ygopro\netserver.obj
d:\battle city alpha 2.0\codes\v2\ygopro_bca\obj\release\ygopro\menu_handler.obj
d:\battle city alpha 2.0\codes\v2\ygopro_bca\obj\release\ygopro\materials.obj
d:\battle city alpha 2.0\codes\v2\ygopro_bca\obj\release\ygopro\ygopro.res
d:\battle city alpha 2.0\codes\v2\ygopro_bca\bin\release\bca.lib
d:\battle city alpha 2.0\codes\v2\ygopro_bca\bin\release\bca.exp
d:\battle city alpha 2.0\codes\v2\ygopro_bca\obj\release\ygopro\nativecodeanalysis.read.1.tlog
d:\battle city alpha 2.0\codes\v2\ygopro_bca\obj\release\ygopro\game.nativecodeanalysis.xml
d:\battle city alpha 2.0\codes\v2\ygopro_bca\obj\release\ygopro\vc.nativecodeanalysis.all.xml
d:\battle city alpha 2.0\codes\v2\ygopro_bca\obj\release\ygopro\ygopro.tlog\cl.read.1.tlog
d:\battle city alpha 2.0\codes\v2\ygopro_bca\obj\release\ygopro\ygopro.tlog\cl.write.1.tlog
d:\battle city alpha 2.0\codes\v2\ygopro_bca\obj\release\ygopro\ygopro.tlog\cl.command.1.tlog
d:\battle city alpha 2.0\codes\v2\ygopro_bca\obj\release\ygopro\ygopro.tlog\rc.read.1.tlog
d:\battle city alpha 2.0\codes\v2\ygopro_bca\obj\release\ygopro\ygopro.tlog\rc.write.1.tlog
d:\battle city alpha 2.0\codes\v2\ygopro_bca\obj\release\ygopro\ygopro.tlog\rc.command.1.tlog
d:\battle city alpha 2.0\codes\v2\ygopro_bca\obj\release\ygopro\ygopro.tlog\link.read.1.tlog
d:\battle city alpha 2.0\codes\v2\ygopro_bca\obj\release\ygopro\ygopro.tlog\link.write.1.tlog
d:\battle city alpha 2.0\codes\v2\ygopro_bca\obj\release\ygopro\ygopro.tlog\link.command.1.tlog
d:\battle city alpha 2.0\codes\v2\ygopro_bca\obj\release\ygopro\ygopro.tlog\ygopro.write.1u.tlog
d:\battle city alpha 2.0\codes\v2\ygopro_bca\obj\release\ygopro\ygopro.tlog\link.delete.1.tlog
d:\battle city alpha 2.0\codes\v2\ygopro_bca\obj\release\ygopro\ygopro.tlog\link-rc.read.1.tlog
d:\battle city alpha 2.0\codes\v2\ygopro_bca\obj\release\ygopro\ygopro.tlog\link-rc.write.1.tlog
d:\battle city alpha 2.0\codes\v2\ygopro_bca\obj\release\ygopro\ygopro.tlog\link-cvtres.read.1.tlog
d:\battle city alpha 2.0\codes\v2\ygopro_bca\obj\release\ygopro\ygopro.tlog\link-cvtres.write.1.tlog
